# Logfile created on 2014-03-09 13:14:33 -0300 by logger.rb/44203
I, [2014-03-09T13:14:33.208918 #15367]  INFO -- : 0:  rake (0.9.6) from /Users/Thoughtworker/.rvm/gems/ruby-2.1.0@roguecraft/specifications/rake-0.9.6.gemspec
I, [2014-03-09T13:14:34.135294 #15367]  INFO -- : 0:  builder (3.2.2) from /Users/Thoughtworker/.rvm/gems/ruby-2.1.0@roguecraft/specifications/builder-3.2.2.gemspec
I, [2014-03-09T13:14:34.135619 #15367]  INFO -- : 0:  bundler (1.5.1) from /Users/Thoughtworker/.rvm/gems/ruby-2.1.0@global/specifications/bundler-1.5.1.gemspec
I, [2014-03-09T13:14:34.863536 #15367]  INFO -- : 0:  diff-lcs (1.2.5) from /Users/Thoughtworker/.rvm/gems/ruby-2.1.0@roguecraft/specifications/diff-lcs-1.2.5.gemspec
I, [2014-03-09T13:14:34.863872 #15367]  INFO -- : 0:  json (1.8.1) from /Users/Thoughtworker/.rvm/rubies/ruby-2.1.0/lib/ruby/gems/2.1.0/specifications/default/json-1.8.1.gemspec
I, [2014-03-09T13:14:58.829336 #15367]  INFO -- : 0:  gherkin (2.4.21) from /Users/Thoughtworker/.rvm/gems/ruby-2.1.0@roguecraft/specifications/gherkin-2.4.21.gemspec
I, [2014-03-09T13:15:01.243425 #15367]  INFO -- : 0:  tins (1.0.0) from /Users/Thoughtworker/.rvm/gems/ruby-2.1.0@roguecraft/specifications/tins-1.0.0.gemspec
I, [2014-03-09T13:15:05.254104 #15367]  INFO -- : 0:  term-ansicolor (1.3.0) from /Users/Thoughtworker/.rvm/gems/ruby-2.1.0@roguecraft/specifications/term-ansicolor-1.3.0.gemspec
I, [2014-03-09T13:15:08.359285 #15367]  INFO -- : 0:  cucumber (0.10.7) from /Users/Thoughtworker/.rvm/gems/ruby-2.1.0@roguecraft/specifications/cucumber-0.10.7.gemspec
I, [2014-03-09T13:15:10.842279 #15367]  INFO -- : 0:  kramdown (1.3.2) from /Users/Thoughtworker/.rvm/gems/ruby-2.1.0@roguecraft/specifications/kramdown-1.3.2.gemspec
I, [2014-03-09T13:15:10.845674 #15367]  INFO -- : 0:  roguecraft (0.1.0) from /Users/Thoughtworker/Dropbox/Development/etc/roguecraft/roguecraft.gemspec
I, [2014-03-09T13:15:13.650920 #15367]  INFO -- : 0:  rspec-core (2.14.8) from /Users/Thoughtworker/.rvm/gems/ruby-2.1.0@roguecraft/specifications/rspec-core-2.14.8.gemspec
I, [2014-03-09T13:15:15.279635 #15367]  INFO -- : 0:  rspec-expectations (2.14.5) from /Users/Thoughtworker/.rvm/gems/ruby-2.1.0@roguecraft/specifications/rspec-expectations-2.14.5.gemspec
I, [2014-03-09T13:15:17.161729 #15367]  INFO -- : 0:  rspec-mocks (2.14.6) from /Users/Thoughtworker/.rvm/gems/ruby-2.1.0@roguecraft/specifications/rspec-mocks-2.14.6.gemspec
I, [2014-03-09T13:15:17.830787 #15367]  INFO -- : 0:  rspec (2.14.1) from /Users/Thoughtworker/.rvm/gems/ruby-2.1.0@roguecraft/specifications/rspec-2.14.1.gemspec
I, [2014-03-09T13:15:18.730322 #15367]  INFO -- : 0:  rubygems-tasks (0.2.4) from /Users/Thoughtworker/.rvm/gems/ruby-2.1.0@roguecraft/specifications/rubygems-tasks-0.2.4.gemspec
I, [2014-03-09T13:15:21.502177 #15367]  INFO -- : 0:  yard (0.8.7.3) from /Users/Thoughtworker/.rvm/gems/ruby-2.1.0@roguecraft/specifications/yard-0.8.7.3.gemspec
I, [2014-03-09T14:39:18.190692 #19963]  INFO -- : 0:  rake (0.9.6) from /Users/Thoughtworker/.rvm/gems/ruby-2.1.0@roguecraft/specifications/rake-0.9.6.gemspec
I, [2014-03-09T14:39:18.191328 #19963]  INFO -- : 0:  builder (3.2.2) from /Users/Thoughtworker/.rvm/gems/ruby-2.1.0@roguecraft/specifications/builder-3.2.2.gemspec
I, [2014-03-09T14:39:18.191839 #19963]  INFO -- : 0:  bundler (1.5.1) from /Users/Thoughtworker/.rvm/gems/ruby-2.1.0@global/specifications/bundler-1.5.1.gemspec
I, [2014-03-09T14:39:18.192355 #19963]  INFO -- : 0:  diff-lcs (1.2.5) from /Users/Thoughtworker/.rvm/gems/ruby-2.1.0@roguecraft/specifications/diff-lcs-1.2.5.gemspec
I, [2014-03-09T14:39:18.192750 #19963]  INFO -- : 0:  json (1.8.1) from /Users/Thoughtworker/.rvm/rubies/ruby-2.1.0/lib/ruby/gems/2.1.0/specifications/default/json-1.8.1.gemspec
I, [2014-03-09T14:39:18.193139 #19963]  INFO -- : 0:  gherkin (2.4.21) from /Users/Thoughtworker/.rvm/gems/ruby-2.1.0@roguecraft/specifications/gherkin-2.4.21.gemspec
I, [2014-03-09T14:39:18.193496 #19963]  INFO -- : 0:  tins (1.0.0) from /Users/Thoughtworker/.rvm/gems/ruby-2.1.0@roguecraft/specifications/tins-1.0.0.gemspec
I, [2014-03-09T14:39:18.193851 #19963]  INFO -- : 0:  term-ansicolor (1.3.0) from /Users/Thoughtworker/.rvm/gems/ruby-2.1.0@roguecraft/specifications/term-ansicolor-1.3.0.gemspec
I, [2014-03-09T14:39:18.194236 #19963]  INFO -- : 0:  cucumber (0.10.7) from /Users/Thoughtworker/.rvm/gems/ruby-2.1.0@roguecraft/specifications/cucumber-0.10.7.gemspec
I, [2014-03-09T14:39:31.385956 #19963]  INFO -- : 0:  ffi (1.9.3) from /Users/Thoughtworker/.rvm/gems/ruby-2.1.0@roguecraft/specifications/ffi-1.9.3.gemspec
I, [2014-03-09T14:39:31.386469 #19963]  INFO -- : 0:  kramdown (1.3.2) from /Users/Thoughtworker/.rvm/gems/ruby-2.1.0@roguecraft/specifications/kramdown-1.3.2.gemspec
I, [2014-03-09T14:39:54.292686 #19963]  INFO -- : 0:  libtcod (0.0.9) from /Users/Thoughtworker/.rvm/gems/ruby-2.1.0@roguecraft/specifications/libtcod-0.0.9.gemspec
I, [2014-03-09T14:39:54.295474 #19963]  INFO -- : 0:  roguecraft (0.1.0) from /Users/Thoughtworker/Dropbox/Development/etc/roguecraft/roguecraft.gemspec
I, [2014-03-09T14:39:54.295764 #19963]  INFO -- : 0:  rspec-core (2.14.8) from /Users/Thoughtworker/.rvm/gems/ruby-2.1.0@roguecraft/specifications/rspec-core-2.14.8.gemspec
I, [2014-03-09T14:39:54.296007 #19963]  INFO -- : 0:  rspec-expectations (2.14.5) from /Users/Thoughtworker/.rvm/gems/ruby-2.1.0@roguecraft/specifications/rspec-expectations-2.14.5.gemspec
I, [2014-03-09T14:39:54.296240 #19963]  INFO -- : 0:  rspec-mocks (2.14.6) from /Users/Thoughtworker/.rvm/gems/ruby-2.1.0@roguecraft/specifications/rspec-mocks-2.14.6.gemspec
I, [2014-03-09T14:39:54.296470 #19963]  INFO -- : 0:  rspec (2.14.1) from /Users/Thoughtworker/.rvm/gems/ruby-2.1.0@roguecraft/specifications/rspec-2.14.1.gemspec
I, [2014-03-09T14:39:54.296697 #19963]  INFO -- : 0:  rubygems-tasks (0.2.4) from /Users/Thoughtworker/.rvm/gems/ruby-2.1.0@roguecraft/specifications/rubygems-tasks-0.2.4.gemspec
I, [2014-03-09T14:39:54.296926 #19963]  INFO -- : 0:  yard (0.8.7.3) from /Users/Thoughtworker/.rvm/gems/ruby-2.1.0@roguecraft/specifications/yard-0.8.7.3.gemspec
I, [2014-03-09T14:44:20.134668 #20747]  INFO -- : 0:  rake (0.9.6) from /Users/Thoughtworker/.rvm/gems/ruby-2.1.0@roguecraft/specifications/rake-0.9.6.gemspec
I, [2014-03-09T14:44:20.135151 #20747]  INFO -- : 0:  builder (3.2.2) from /Users/Thoughtworker/.rvm/gems/ruby-2.1.0@roguecraft/specifications/builder-3.2.2.gemspec
I, [2014-03-09T14:44:20.135400 #20747]  INFO -- : 0:  bundler (1.5.1) from /Users/Thoughtworker/.rvm/gems/ruby-2.1.0@global/specifications/bundler-1.5.1.gemspec
I, [2014-03-09T14:44:22.191153 #20747]  INFO -- : 0:  timers (1.1.0) from /Users/Thoughtworker/.rvm/gems/ruby-2.1.0@roguecraft/specifications/timers-1.1.0.gemspec
I, [2014-03-09T14:44:23.991818 #20747]  INFO -- : 0:  celluloid (0.15.2) from /Users/Thoughtworker/.rvm/gems/ruby-2.1.0@roguecraft/specifications/celluloid-0.15.2.gemspec
I, [2014-03-09T14:44:26.581898 #20747]  INFO -- : 0:  nio4r (1.0.0) from /Users/Thoughtworker/.rvm/gems/ruby-2.1.0@roguecraft/specifications/nio4r-1.0.0.gemspec
I, [2014-03-09T14:44:27.549097 #20747]  INFO -- : 0:  celluloid-io (0.15.0) from /Users/Thoughtworker/.rvm/gems/ruby-2.1.0@roguecraft/specifications/celluloid-io-0.15.0.gemspec
I, [2014-03-09T14:44:28.999192 #20747]  INFO -- : 0:  coderay (1.1.0) from /Users/Thoughtworker/.rvm/gems/ruby-2.1.0@roguecraft/specifications/coderay-1.1.0.gemspec
I, [2014-03-09T14:44:28.999571 #20747]  INFO -- : 0:  diff-lcs (1.2.5) from /Users/Thoughtworker/.rvm/gems/ruby-2.1.0@roguecraft/specifications/diff-lcs-1.2.5.gemspec
I, [2014-03-09T14:44:28.999898 #20747]  INFO -- : 0:  json (1.8.1) from /Users/Thoughtworker/.rvm/rubies/ruby-2.1.0/lib/ruby/gems/2.1.0/specifications/default/json-1.8.1.gemspec
I, [2014-03-09T14:44:29.000179 #20747]  INFO -- : 0:  gherkin (2.4.21) from /Users/Thoughtworker/.rvm/gems/ruby-2.1.0@roguecraft/specifications/gherkin-2.4.21.gemspec
I, [2014-03-09T14:44:29.000506 #20747]  INFO -- : 0:  tins (1.0.0) from /Users/Thoughtworker/.rvm/gems/ruby-2.1.0@roguecraft/specifications/tins-1.0.0.gemspec
I, [2014-03-09T14:44:29.000823 #20747]  INFO -- : 0:  term-ansicolor (1.3.0) from /Users/Thoughtworker/.rvm/gems/ruby-2.1.0@roguecraft/specifications/term-ansicolor-1.3.0.gemspec
I, [2014-03-09T14:44:29.001130 #20747]  INFO -- : 0:  cucumber (0.10.7) from /Users/Thoughtworker/.rvm/gems/ruby-2.1.0@roguecraft/specifications/cucumber-0.10.7.gemspec
I, [2014-03-09T14:44:29.001405 #20747]  INFO -- : 0:  ffi (1.9.3) from /Users/Thoughtworker/.rvm/gems/ruby-2.1.0@roguecraft/specifications/ffi-1.9.3.gemspec
I, [2014-03-09T14:44:29.852014 #20747]  INFO -- : 0:  formatador (0.2.4) from /Users/Thoughtworker/.rvm/gems/ruby-2.1.0@roguecraft/specifications/formatador-0.2.4.gemspec
I, [2014-03-09T14:44:31.893578 #20747]  INFO -- : 0:  rb-fsevent (0.9.4) from /Users/Thoughtworker/.rvm/gems/ruby-2.1.0@roguecraft/specifications/rb-fsevent-0.9.4.gemspec
I, [2014-03-09T14:44:32.708412 #20747]  INFO -- : 0:  rb-inotify (0.9.3) from /Users/Thoughtworker/.rvm/gems/ruby-2.1.0@roguecraft/specifications/rb-inotify-0.9.3.gemspec
I, [2014-03-09T14:44:33.368711 #20747]  INFO -- : 0:  listen (2.7.0) from /Users/Thoughtworker/.rvm/gems/ruby-2.1.0@roguecraft/specifications/listen-2.7.0.gemspec
I, [2014-03-09T14:44:34.134199 #20747]  INFO -- : 0:  lumberjack (1.0.4) from /Users/Thoughtworker/.rvm/gems/ruby-2.1.0@roguecraft/specifications/lumberjack-1.0.4.gemspec
I, [2014-03-09T14:44:34.783537 #20747]  INFO -- : 0:  method_source (0.8.2) from /Users/Thoughtworker/.rvm/gems/ruby-2.1.0@roguecraft/specifications/method_source-0.8.2.gemspec
I, [2014-03-09T14:44:35.870118 #20747]  INFO -- : 0:  slop (3.4.7) from /Users/Thoughtworker/.rvm/gems/ruby-2.1.0@roguecraft/specifications/slop-3.4.7.gemspec
I, [2014-03-09T14:44:39.386299 #20747]  INFO -- : 0:  pry (0.9.12.6) from /Users/Thoughtworker/.rvm/gems/ruby-2.1.0@roguecraft/specifications/pry-0.9.12.6.gemspec
I, [2014-03-09T14:44:40.523926 #20747]  INFO -- : 0:  thor (0.18.1) from /Users/Thoughtworker/.rvm/gems/ruby-2.1.0@roguecraft/specifications/thor-0.18.1.gemspec
I, [2014-03-09T14:44:42.051848 #20747]  INFO -- : 0:  guard (2.5.1) from /Users/Thoughtworker/.rvm/gems/ruby-2.1.0@roguecraft/specifications/guard-2.5.1.gemspec
I, [2014-03-09T14:44:43.137628 #20747]  INFO -- : 0:  guard-ctags-bundler (1.0.1) from /Users/Thoughtworker/.rvm/gems/ruby-2.1.0@roguecraft/specifications/guard-ctags-bundler-1.0.1.gemspec
I, [2014-03-09T14:44:43.138060 #20747]  INFO -- : 0:  kramdown (1.3.2) from /Users/Thoughtworker/.rvm/gems/ruby-2.1.0@roguecraft/specifications/kramdown-1.3.2.gemspec
I, [2014-03-09T14:44:43.138383 #20747]  INFO -- : 0:  libtcod (0.0.9) from /Users/Thoughtworker/.rvm/gems/ruby-2.1.0@roguecraft/specifications/libtcod-0.0.9.gemspec
I, [2014-03-09T14:44:44.582681 #20747]  INFO -- : 0:  rb-readline (0.5.1) from /Users/Thoughtworker/.rvm/gems/ruby-2.1.0@roguecraft/specifications/rb-readline-0.5.1.gemspec
I, [2014-03-09T14:44:44.587207 #20747]  INFO -- : 0:  roguecraft (0.1.0) from /Users/Thoughtworker/Dropbox/Development/etc/roguecraft/roguecraft.gemspec
I, [2014-03-09T14:44:44.587535 #20747]  INFO -- : 0:  rspec-core (2.14.8) from /Users/Thoughtworker/.rvm/gems/ruby-2.1.0@roguecraft/specifications/rspec-core-2.14.8.gemspec
I, [2014-03-09T14:44:44.587857 #20747]  INFO -- : 0:  rspec-expectations (2.14.5) from /Users/Thoughtworker/.rvm/gems/ruby-2.1.0@roguecraft/specifications/rspec-expectations-2.14.5.gemspec
I, [2014-03-09T14:44:44.588189 #20747]  INFO -- : 0:  rspec-mocks (2.14.6) from /Users/Thoughtworker/.rvm/gems/ruby-2.1.0@roguecraft/specifications/rspec-mocks-2.14.6.gemspec
I, [2014-03-09T14:44:44.588529 #20747]  INFO -- : 0:  rspec (2.14.1) from /Users/Thoughtworker/.rvm/gems/ruby-2.1.0@roguecraft/specifications/rspec-2.14.1.gemspec
I, [2014-03-09T14:44:44.588871 #20747]  INFO -- : 0:  rubygems-tasks (0.2.4) from /Users/Thoughtworker/.rvm/gems/ruby-2.1.0@roguecraft/specifications/rubygems-tasks-0.2.4.gemspec
I, [2014-03-09T14:44:44.589205 #20747]  INFO -- : 0:  yard (0.8.7.3) from /Users/Thoughtworker/.rvm/gems/ruby-2.1.0@roguecraft/specifications/yard-0.8.7.3.gemspec
I, [2014-03-09T14:55:11.281930 #21131]  INFO -- : 0:  rake (0.9.6) from /Users/Thoughtworker/.rvm/gems/ruby-2.1.0@roguecraft/specifications/rake-0.9.6.gemspec
I, [2014-03-09T14:55:11.282331 #21131]  INFO -- : 0:  builder (3.2.2) from /Users/Thoughtworker/.rvm/gems/ruby-2.1.0@roguecraft/specifications/builder-3.2.2.gemspec
I, [2014-03-09T14:55:11.282563 #21131]  INFO -- : 0:  bundler (1.5.1) from /Users/Thoughtworker/.rvm/gems/ruby-2.1.0@global/specifications/bundler-1.5.1.gemspec
I, [2014-03-09T14:55:12.840623 #21131]  INFO -- : 0:  ctags-bundler (0.0.1) from /Users/Thoughtworker/.rvm/gems/ruby-2.1.0@roguecraft/specifications/ctags-bundler-0.0.1.gemspec
I, [2014-03-09T14:55:12.840998 #21131]  INFO -- : 0:  diff-lcs (1.2.5) from /Users/Thoughtworker/.rvm/gems/ruby-2.1.0@roguecraft/specifications/diff-lcs-1.2.5.gemspec
I, [2014-03-09T14:55:12.841247 #21131]  INFO -- : 0:  json (1.8.1) from /Users/Thoughtworker/.rvm/rubies/ruby-2.1.0/lib/ruby/gems/2.1.0/specifications/default/json-1.8.1.gemspec
I, [2014-03-09T14:55:12.841496 #21131]  INFO -- : 0:  gherkin (2.4.21) from /Users/Thoughtworker/.rvm/gems/ruby-2.1.0@roguecraft/specifications/gherkin-2.4.21.gemspec
I, [2014-03-09T14:55:12.841741 #21131]  INFO -- : 0:  tins (1.0.0) from /Users/Thoughtworker/.rvm/gems/ruby-2.1.0@roguecraft/specifications/tins-1.0.0.gemspec
I, [2014-03-09T14:55:12.841999 #21131]  INFO -- : 0:  term-ansicolor (1.3.0) from /Users/Thoughtworker/.rvm/gems/ruby-2.1.0@roguecraft/specifications/term-ansicolor-1.3.0.gemspec
I, [2014-03-09T14:55:12.842232 #21131]  INFO -- : 0:  cucumber (0.10.7) from /Users/Thoughtworker/.rvm/gems/ruby-2.1.0@roguecraft/specifications/cucumber-0.10.7.gemspec
I, [2014-03-09T14:55:12.842463 #21131]  INFO -- : 0:  ffi (1.9.3) from /Users/Thoughtworker/.rvm/gems/ruby-2.1.0@roguecraft/specifications/ffi-1.9.3.gemspec
I, [2014-03-09T14:55:12.842698 #21131]  INFO -- : 0:  kramdown (1.3.2) from /Users/Thoughtworker/.rvm/gems/ruby-2.1.0@roguecraft/specifications/kramdown-1.3.2.gemspec
I, [2014-03-09T14:55:12.842930 #21131]  INFO -- : 0:  libtcod (0.0.9) from /Users/Thoughtworker/.rvm/gems/ruby-2.1.0@roguecraft/specifications/libtcod-0.0.9.gemspec
I, [2014-03-09T14:55:12.843161 #21131]  INFO -- : 0:  rb-readline (0.5.1) from /Users/Thoughtworker/.rvm/gems/ruby-2.1.0@roguecraft/specifications/rb-readline-0.5.1.gemspec
I, [2014-03-09T14:55:12.845895 #21131]  INFO -- : 0:  roguecraft (0.1.0) from /Users/Thoughtworker/Dropbox/Development/etc/roguecraft/roguecraft.gemspec
I, [2014-03-09T14:55:12.846164 #21131]  INFO -- : 0:  rspec-core (2.14.8) from /Users/Thoughtworker/.rvm/gems/ruby-2.1.0@roguecraft/specifications/rspec-core-2.14.8.gemspec
I, [2014-03-09T14:55:12.846421 #21131]  INFO -- : 0:  rspec-expectations (2.14.5) from /Users/Thoughtworker/.rvm/gems/ruby-2.1.0@roguecraft/specifications/rspec-expectations-2.14.5.gemspec
I, [2014-03-09T14:55:12.846669 #21131]  INFO -- : 0:  rspec-mocks (2.14.6) from /Users/Thoughtworker/.rvm/gems/ruby-2.1.0@roguecraft/specifications/rspec-mocks-2.14.6.gemspec
I, [2014-03-09T14:55:12.846913 #21131]  INFO -- : 0:  rspec (2.14.1) from /Users/Thoughtworker/.rvm/gems/ruby-2.1.0@roguecraft/specifications/rspec-2.14.1.gemspec
I, [2014-03-09T14:55:12.847158 #21131]  INFO -- : 0:  rubygems-tasks (0.2.4) from /Users/Thoughtworker/.rvm/gems/ruby-2.1.0@roguecraft/specifications/rubygems-tasks-0.2.4.gemspec
I, [2014-03-09T14:55:12.847448 #21131]  INFO -- : 0:  yard (0.8.7.3) from /Users/Thoughtworker/.rvm/gems/ruby-2.1.0@roguecraft/specifications/yard-0.8.7.3.gemspec
I, [2014-03-09T14:56:59.472271 #21269]  INFO -- : 0:  rake (0.9.6) from /Users/Thoughtworker/.rvm/gems/ruby-2.1.0@roguecraft/specifications/rake-0.9.6.gemspec
I, [2014-03-09T14:56:59.472705 #21269]  INFO -- : 0:  builder (3.2.2) from /Users/Thoughtworker/.rvm/gems/ruby-2.1.0@roguecraft/specifications/builder-3.2.2.gemspec
I, [2014-03-09T14:56:59.472961 #21269]  INFO -- : 0:  bundler (1.5.1) from /Users/Thoughtworker/.rvm/gems/ruby-2.1.0@global/specifications/bundler-1.5.1.gemspec
I, [2014-03-09T14:56:59.473213 #21269]  INFO -- : 0:  diff-lcs (1.2.5) from /Users/Thoughtworker/.rvm/gems/ruby-2.1.0@roguecraft/specifications/diff-lcs-1.2.5.gemspec
I, [2014-03-09T14:56:59.473424 #21269]  INFO -- : 0:  json (1.8.1) from /Users/Thoughtworker/.rvm/rubies/ruby-2.1.0/lib/ruby/gems/2.1.0/specifications/default/json-1.8.1.gemspec
I, [2014-03-09T14:56:59.473676 #21269]  INFO -- : 0:  gherkin (2.4.21) from /Users/Thoughtworker/.rvm/gems/ruby-2.1.0@roguecraft/specifications/gherkin-2.4.21.gemspec
I, [2014-03-09T14:56:59.473915 #21269]  INFO -- : 0:  tins (1.0.0) from /Users/Thoughtworker/.rvm/gems/ruby-2.1.0@roguecraft/specifications/tins-1.0.0.gemspec
I, [2014-03-09T14:56:59.474154 #21269]  INFO -- : 0:  term-ansicolor (1.3.0) from /Users/Thoughtworker/.rvm/gems/ruby-2.1.0@roguecraft/specifications/term-ansicolor-1.3.0.gemspec
I, [2014-03-09T14:56:59.474398 #21269]  INFO -- : 0:  cucumber (0.10.7) from /Users/Thoughtworker/.rvm/gems/ruby-2.1.0@roguecraft/specifications/cucumber-0.10.7.gemspec
I, [2014-03-09T14:56:59.474631 #21269]  INFO -- : 0:  ffi (1.9.3) from /Users/Thoughtworker/.rvm/gems/ruby-2.1.0@roguecraft/specifications/ffi-1.9.3.gemspec
I, [2014-03-09T14:56:59.474896 #21269]  INFO -- : 0:  kramdown (1.3.2) from /Users/Thoughtworker/.rvm/gems/ruby-2.1.0@roguecraft/specifications/kramdown-1.3.2.gemspec
I, [2014-03-09T14:56:59.475110 #21269]  INFO -- : 0:  libtcod (0.0.9) from /Users/Thoughtworker/.rvm/gems/ruby-2.1.0@roguecraft/specifications/libtcod-0.0.9.gemspec
I, [2014-03-09T14:56:59.479024 #21269]  INFO -- : 0:  roguecraft (0.1.0) from /Users/Thoughtworker/Dropbox/Development/etc/roguecraft/roguecraft.gemspec
I, [2014-03-09T14:56:59.479362 #21269]  INFO -- : 0:  rspec-core (2.14.8) from /Users/Thoughtworker/.rvm/gems/ruby-2.1.0@roguecraft/specifications/rspec-core-2.14.8.gemspec
I, [2014-03-09T14:56:59.479643 #21269]  INFO -- : 0:  rspec-expectations (2.14.5) from /Users/Thoughtworker/.rvm/gems/ruby-2.1.0@roguecraft/specifications/rspec-expectations-2.14.5.gemspec
I, [2014-03-09T14:56:59.479884 #21269]  INFO -- : 0:  rspec-mocks (2.14.6) from /Users/Thoughtworker/.rvm/gems/ruby-2.1.0@roguecraft/specifications/rspec-mocks-2.14.6.gemspec
I, [2014-03-09T14:56:59.480156 #21269]  INFO -- : 0:  rspec (2.14.1) from /Users/Thoughtworker/.rvm/gems/ruby-2.1.0@roguecraft/specifications/rspec-2.14.1.gemspec
I, [2014-03-09T14:56:59.480397 #21269]  INFO -- : 0:  rubygems-tasks (0.2.4) from /Users/Thoughtworker/.rvm/gems/ruby-2.1.0@roguecraft/specifications/rubygems-tasks-0.2.4.gemspec
I, [2014-03-09T14:56:59.480643 #21269]  INFO -- : 0:  yard (0.8.7.3) from /Users/Thoughtworker/.rvm/gems/ruby-2.1.0@roguecraft/specifications/yard-0.8.7.3.gemspec
I, [2014-03-09T15:00:41.443930 #21794]  INFO -- : 0:  rake (0.9.6) from /Users/Thoughtworker/.rvm/gems/ruby-2.1.0@roguecraft/specifications/rake-0.9.6.gemspec
I, [2014-03-09T15:00:41.444313 #21794]  INFO -- : 0:  builder (3.2.2) from /Users/Thoughtworker/.rvm/gems/ruby-2.1.0@roguecraft/specifications/builder-3.2.2.gemspec
I, [2014-03-09T15:00:41.444584 #21794]  INFO -- : 0:  bundler (1.5.1) from /Users/Thoughtworker/.rvm/gems/ruby-2.1.0@global/specifications/bundler-1.5.1.gemspec
I, [2014-03-09T15:00:41.444823 #21794]  INFO -- : 0:  diff-lcs (1.2.5) from /Users/Thoughtworker/.rvm/gems/ruby-2.1.0@roguecraft/specifications/diff-lcs-1.2.5.gemspec
I, [2014-03-09T15:00:41.445048 #21794]  INFO -- : 0:  json (1.8.1) from /Users/Thoughtworker/.rvm/rubies/ruby-2.1.0/lib/ruby/gems/2.1.0/specifications/default/json-1.8.1.gemspec
I, [2014-03-09T15:00:41.445280 #21794]  INFO -- : 0:  gherkin (2.4.21) from /Users/Thoughtworker/.rvm/gems/ruby-2.1.0@roguecraft/specifications/gherkin-2.4.21.gemspec
I, [2014-03-09T15:00:41.445502 #21794]  INFO -- : 0:  tins (1.0.0) from /Users/Thoughtworker/.rvm/gems/ruby-2.1.0@roguecraft/specifications/tins-1.0.0.gemspec
I, [2014-03-09T15:00:41.445738 #21794]  INFO -- : 0:  term-ansicolor (1.3.0) from /Users/Thoughtworker/.rvm/gems/ruby-2.1.0@roguecraft/specifications/term-ansicolor-1.3.0.gemspec
I, [2014-03-09T15:00:41.445975 #21794]  INFO -- : 0:  cucumber (0.10.7) from /Users/Thoughtworker/.rvm/gems/ruby-2.1.0@roguecraft/specifications/cucumber-0.10.7.gemspec
I, [2014-03-09T15:00:41.446213 #21794]  INFO -- : 0:  ffi (1.9.3) from /Users/Thoughtworker/.rvm/gems/ruby-2.1.0@roguecraft/specifications/ffi-1.9.3.gemspec
I, [2014-03-09T15:00:41.446486 #21794]  INFO -- : 0:  kramdown (1.3.2) from /Users/Thoughtworker/.rvm/gems/ruby-2.1.0@roguecraft/specifications/kramdown-1.3.2.gemspec
I, [2014-03-09T15:00:41.446720 #21794]  INFO -- : 0:  libtcod (0.0.9) from /Users/Thoughtworker/.rvm/gems/ruby-2.1.0@roguecraft/specifications/libtcod-0.0.9.gemspec
I, [2014-03-09T15:00:41.450618 #21794]  INFO -- : 0:  roguecraft (0.1.0) from /Users/Thoughtworker/Dropbox/Development/etc/roguecraft/roguecraft.gemspec
I, [2014-03-09T15:00:41.450927 #21794]  INFO -- : 0:  rspec-core (2.14.8) from /Users/Thoughtworker/.rvm/gems/ruby-2.1.0@roguecraft/specifications/rspec-core-2.14.8.gemspec
I, [2014-03-09T15:00:41.451186 #21794]  INFO -- : 0:  rspec-expectations (2.14.5) from /Users/Thoughtworker/.rvm/gems/ruby-2.1.0@roguecraft/specifications/rspec-expectations-2.14.5.gemspec
I, [2014-03-09T15:00:41.451444 #21794]  INFO -- : 0:  rspec-mocks (2.14.6) from /Users/Thoughtworker/.rvm/gems/ruby-2.1.0@roguecraft/specifications/rspec-mocks-2.14.6.gemspec
I, [2014-03-09T15:00:41.451687 #21794]  INFO -- : 0:  rspec (2.14.1) from /Users/Thoughtworker/.rvm/gems/ruby-2.1.0@roguecraft/specifications/rspec-2.14.1.gemspec
I, [2014-03-09T15:00:41.451950 #21794]  INFO -- : 0:  rubygems-tasks (0.2.4) from /Users/Thoughtworker/.rvm/gems/ruby-2.1.0@roguecraft/specifications/rubygems-tasks-0.2.4.gemspec
I, [2014-03-09T15:00:41.452194 #21794]  INFO -- : 0:  yard (0.8.7.3) from /Users/Thoughtworker/.rvm/gems/ruby-2.1.0@roguecraft/specifications/yard-0.8.7.3.gemspec
I, [2014-03-09T15:00:56.023374 #21898]  INFO -- : 0:  rake (0.9.6) from /Users/Thoughtworker/.rvm/gems/ruby-2.1.0@roguecraft/specifications/rake-0.9.6.gemspec
I, [2014-03-09T15:00:56.023765 #21898]  INFO -- : 0:  builder (3.2.2) from /Users/Thoughtworker/.rvm/gems/ruby-2.1.0@roguecraft/specifications/builder-3.2.2.gemspec
I, [2014-03-09T15:00:56.024003 #21898]  INFO -- : 0:  bundler (1.5.1) from /Users/Thoughtworker/.rvm/gems/ruby-2.1.0@global/specifications/bundler-1.5.1.gemspec
I, [2014-03-09T15:00:56.024249 #21898]  INFO -- : 0:  diff-lcs (1.2.5) from /Users/Thoughtworker/.rvm/gems/ruby-2.1.0@roguecraft/specifications/diff-lcs-1.2.5.gemspec
I, [2014-03-09T15:00:56.024482 #21898]  INFO -- : 0:  json (1.8.1) from /Users/Thoughtworker/.rvm/rubies/ruby-2.1.0/lib/ruby/gems/2.1.0/specifications/default/json-1.8.1.gemspec
I, [2014-03-09T15:00:56.024723 #21898]  INFO -- : 0:  gherkin (2.4.21) from /Users/Thoughtworker/.rvm/gems/ruby-2.1.0@roguecraft/specifications/gherkin-2.4.21.gemspec
I, [2014-03-09T15:00:56.024969 #21898]  INFO -- : 0:  tins (1.0.0) from /Users/Thoughtworker/.rvm/gems/ruby-2.1.0@roguecraft/specifications/tins-1.0.0.gemspec
I, [2014-03-09T15:00:56.025208 #21898]  INFO -- : 0:  term-ansicolor (1.3.0) from /Users/Thoughtworker/.rvm/gems/ruby-2.1.0@roguecraft/specifications/term-ansicolor-1.3.0.gemspec
I, [2014-03-09T15:00:56.025465 #21898]  INFO -- : 0:  cucumber (0.10.7) from /Users/Thoughtworker/.rvm/gems/ruby-2.1.0@roguecraft/specifications/cucumber-0.10.7.gemspec
I, [2014-03-09T15:00:56.025676 #21898]  INFO -- : 0:  ffi (1.9.3) from /Users/Thoughtworker/.rvm/gems/ruby-2.1.0@roguecraft/specifications/ffi-1.9.3.gemspec
I, [2014-03-09T15:00:56.025909 #21898]  INFO -- : 0:  kramdown (1.3.2) from /Users/Thoughtworker/.rvm/gems/ruby-2.1.0@roguecraft/specifications/kramdown-1.3.2.gemspec
I, [2014-03-09T15:00:56.026146 #21898]  INFO -- : 0:  libtcod (0.0.9) from /Users/Thoughtworker/.rvm/gems/ruby-2.1.0@roguecraft/specifications/libtcod-0.0.9.gemspec
I, [2014-03-09T15:00:56.030049 #21898]  INFO -- : 0:  roguecraft (0.1.0) from /Users/Thoughtworker/Dropbox/Development/etc/roguecraft/roguecraft.gemspec
I, [2014-03-09T15:00:56.030337 #21898]  INFO -- : 0:  rspec-core (2.14.8) from /Users/Thoughtworker/.rvm/gems/ruby-2.1.0@roguecraft/specifications/rspec-core-2.14.8.gemspec
I, [2014-03-09T15:00:56.030617 #21898]  INFO -- : 0:  rspec-expectations (2.14.5) from /Users/Thoughtworker/.rvm/gems/ruby-2.1.0@roguecraft/specifications/rspec-expectations-2.14.5.gemspec
I, [2014-03-09T15:00:56.030902 #21898]  INFO -- : 0:  rspec-mocks (2.14.6) from /Users/Thoughtworker/.rvm/gems/ruby-2.1.0@roguecraft/specifications/rspec-mocks-2.14.6.gemspec
I, [2014-03-09T15:00:56.031155 #21898]  INFO -- : 0:  rspec (2.14.1) from /Users/Thoughtworker/.rvm/gems/ruby-2.1.0@roguecraft/specifications/rspec-2.14.1.gemspec
I, [2014-03-09T15:00:56.031386 #21898]  INFO -- : 0:  rubygems-tasks (0.2.4) from /Users/Thoughtworker/.rvm/gems/ruby-2.1.0@roguecraft/specifications/rubygems-tasks-0.2.4.gemspec
I, [2014-03-09T15:00:56.031670 #21898]  INFO -- : 0:  yard (0.8.7.3) from /Users/Thoughtworker/.rvm/gems/ruby-2.1.0@roguecraft/specifications/yard-0.8.7.3.gemspec
I, [2014-03-09T15:01:14.804176 #21975]  INFO -- : 0:  rake (0.9.6) from /Users/Thoughtworker/.rvm/gems/ruby-2.1.0@roguecraft/specifications/rake-0.9.6.gemspec
I, [2014-03-09T15:01:14.804619 #21975]  INFO -- : 0:  builder (3.2.2) from /Users/Thoughtworker/.rvm/gems/ruby-2.1.0@roguecraft/specifications/builder-3.2.2.gemspec
I, [2014-03-09T15:01:14.804876 #21975]  INFO -- : 0:  bundler (1.5.1) from /Users/Thoughtworker/.rvm/gems/ruby-2.1.0@global/specifications/bundler-1.5.1.gemspec
I, [2014-03-09T15:01:14.805128 #21975]  INFO -- : 0:  diff-lcs (1.2.5) from /Users/Thoughtworker/.rvm/gems/ruby-2.1.0@roguecraft/specifications/diff-lcs-1.2.5.gemspec
I, [2014-03-09T15:01:14.805368 #21975]  INFO -- : 0:  json (1.8.1) from /Users/Thoughtworker/.rvm/rubies/ruby-2.1.0/lib/ruby/gems/2.1.0/specifications/default/json-1.8.1.gemspec
I, [2014-03-09T15:01:14.805612 #21975]  INFO -- : 0:  gherkin (2.4.21) from /Users/Thoughtworker/.rvm/gems/ruby-2.1.0@roguecraft/specifications/gherkin-2.4.21.gemspec
I, [2014-03-09T15:01:14.805851 #21975]  INFO -- : 0:  tins (1.0.0) from /Users/Thoughtworker/.rvm/gems/ruby-2.1.0@roguecraft/specifications/tins-1.0.0.gemspec
I, [2014-03-09T15:01:14.806079 #21975]  INFO -- : 0:  term-ansicolor (1.3.0) from /Users/Thoughtworker/.rvm/gems/ruby-2.1.0@roguecraft/specifications/term-ansicolor-1.3.0.gemspec
I, [2014-03-09T15:01:14.806318 #21975]  INFO -- : 0:  cucumber (0.10.7) from /Users/Thoughtworker/.rvm/gems/ruby-2.1.0@roguecraft/specifications/cucumber-0.10.7.gemspec
I, [2014-03-09T15:01:14.806566 #21975]  INFO -- : 0:  ffi (1.9.3) from /Users/Thoughtworker/.rvm/gems/ruby-2.1.0@roguecraft/specifications/ffi-1.9.3.gemspec
I, [2014-03-09T15:01:14.806828 #21975]  INFO -- : 0:  kramdown (1.3.2) from /Users/Thoughtworker/.rvm/gems/ruby-2.1.0@roguecraft/specifications/kramdown-1.3.2.gemspec
I, [2014-03-09T15:01:14.807069 #21975]  INFO -- : 0:  libtcod (0.0.9) from /Users/Thoughtworker/.rvm/gems/ruby-2.1.0@roguecraft/specifications/libtcod-0.0.9.gemspec
I, [2014-03-09T15:01:14.811646 #21975]  INFO -- : 0:  roguecraft (0.1.0) from /Users/Thoughtworker/Dropbox/Development/etc/roguecraft/roguecraft.gemspec
I, [2014-03-09T15:01:14.812036 #21975]  INFO -- : 0:  rspec-core (2.14.8) from /Users/Thoughtworker/.rvm/gems/ruby-2.1.0@roguecraft/specifications/rspec-core-2.14.8.gemspec
I, [2014-03-09T15:01:14.812276 #21975]  INFO -- : 0:  rspec-expectations (2.14.5) from /Users/Thoughtworker/.rvm/gems/ruby-2.1.0@roguecraft/specifications/rspec-expectations-2.14.5.gemspec
I, [2014-03-09T15:01:14.812547 #21975]  INFO -- : 0:  rspec-mocks (2.14.6) from /Users/Thoughtworker/.rvm/gems/ruby-2.1.0@roguecraft/specifications/rspec-mocks-2.14.6.gemspec
I, [2014-03-09T15:01:14.812799 #21975]  INFO -- : 0:  rspec (2.14.1) from /Users/Thoughtworker/.rvm/gems/ruby-2.1.0@roguecraft/specifications/rspec-2.14.1.gemspec
I, [2014-03-09T15:01:14.813066 #21975]  INFO -- : 0:  rubygems-tasks (0.2.4) from /Users/Thoughtworker/.rvm/gems/ruby-2.1.0@roguecraft/specifications/rubygems-tasks-0.2.4.gemspec
I, [2014-03-09T15:01:14.813328 #21975]  INFO -- : 0:  yard (0.8.7.3) from /Users/Thoughtworker/.rvm/gems/ruby-2.1.0@roguecraft/specifications/yard-0.8.7.3.gemspec
I, [2014-03-09T15:01:22.358304 #22036]  INFO -- : 0:  rake (0.9.6) from /Users/Thoughtworker/.rvm/gems/ruby-2.1.0@roguecraft/specifications/rake-0.9.6.gemspec
I, [2014-03-09T15:01:22.358704 #22036]  INFO -- : 0:  builder (3.2.2) from /Users/Thoughtworker/.rvm/gems/ruby-2.1.0@roguecraft/specifications/builder-3.2.2.gemspec
I, [2014-03-09T15:01:22.358999 #22036]  INFO -- : 0:  bundler (1.5.1) from /Users/Thoughtworker/.rvm/gems/ruby-2.1.0@global/specifications/bundler-1.5.1.gemspec
I, [2014-03-09T15:01:22.359228 #22036]  INFO -- : 0:  diff-lcs (1.2.5) from /Users/Thoughtworker/.rvm/gems/ruby-2.1.0@roguecraft/specifications/diff-lcs-1.2.5.gemspec
I, [2014-03-09T15:01:22.359463 #22036]  INFO -- : 0:  json (1.8.1) from /Users/Thoughtworker/.rvm/rubies/ruby-2.1.0/lib/ruby/gems/2.1.0/specifications/default/json-1.8.1.gemspec
I, [2014-03-09T15:01:22.359681 #22036]  INFO -- : 0:  gherkin (2.4.21) from /Users/Thoughtworker/.rvm/gems/ruby-2.1.0@roguecraft/specifications/gherkin-2.4.21.gemspec
I, [2014-03-09T15:01:22.359949 #22036]  INFO -- : 0:  tins (1.0.0) from /Users/Thoughtworker/.rvm/gems/ruby-2.1.0@roguecraft/specifications/tins-1.0.0.gemspec
I, [2014-03-09T15:01:22.360186 #22036]  INFO -- : 0:  term-ansicolor (1.3.0) from /Users/Thoughtworker/.rvm/gems/ruby-2.1.0@roguecraft/specifications/term-ansicolor-1.3.0.gemspec
I, [2014-03-09T15:01:22.360418 #22036]  INFO -- : 0:  cucumber (0.10.7) from /Users/Thoughtworker/.rvm/gems/ruby-2.1.0@roguecraft/specifications/cucumber-0.10.7.gemspec
I, [2014-03-09T15:01:22.360655 #22036]  INFO -- : 0:  ffi (1.9.3) from /Users/Thoughtworker/.rvm/gems/ruby-2.1.0@roguecraft/specifications/ffi-1.9.3.gemspec
I, [2014-03-09T15:01:22.360912 #22036]  INFO -- : 0:  kramdown (1.3.2) from /Users/Thoughtworker/.rvm/gems/ruby-2.1.0@roguecraft/specifications/kramdown-1.3.2.gemspec
I, [2014-03-09T15:01:22.361138 #22036]  INFO -- : 0:  libtcod (0.0.9) from /Users/Thoughtworker/.rvm/gems/ruby-2.1.0@roguecraft/specifications/libtcod-0.0.9.gemspec
I, [2014-03-09T15:01:22.365003 #22036]  INFO -- : 0:  roguecraft (0.1.0) from /Users/Thoughtworker/Dropbox/Development/etc/roguecraft/roguecraft.gemspec
I, [2014-03-09T15:01:22.365293 #22036]  INFO -- : 0:  rspec-core (2.14.8) from /Users/Thoughtworker/.rvm/gems/ruby-2.1.0@roguecraft/specifications/rspec-core-2.14.8.gemspec
I, [2014-03-09T15:01:22.365556 #22036]  INFO -- : 0:  rspec-expectations (2.14.5) from /Users/Thoughtworker/.rvm/gems/ruby-2.1.0@roguecraft/specifications/rspec-expectations-2.14.5.gemspec
I, [2014-03-09T15:01:22.365820 #22036]  INFO -- : 0:  rspec-mocks (2.14.6) from /Users/Thoughtworker/.rvm/gems/ruby-2.1.0@roguecraft/specifications/rspec-mocks-2.14.6.gemspec
I, [2014-03-09T15:01:22.366071 #22036]  INFO -- : 0:  rspec (2.14.1) from /Users/Thoughtworker/.rvm/gems/ruby-2.1.0@roguecraft/specifications/rspec-2.14.1.gemspec
I, [2014-03-09T15:01:22.366337 #22036]  INFO -- : 0:  rubygems-tasks (0.2.4) from /Users/Thoughtworker/.rvm/gems/ruby-2.1.0@roguecraft/specifications/rubygems-tasks-0.2.4.gemspec
I, [2014-03-09T15:01:22.366576 #22036]  INFO -- : 0:  yard (0.8.7.3) from /Users/Thoughtworker/.rvm/gems/ruby-2.1.0@roguecraft/specifications/yard-0.8.7.3.gemspec
I, [2014-03-09T15:01:55.650348 #22179]  INFO -- : 0:  rake (0.9.6) from /Users/Thoughtworker/.rvm/gems/ruby-2.1.0@roguecraft/specifications/rake-0.9.6.gemspec
I, [2014-03-09T15:01:55.650715 #22179]  INFO -- : 0:  builder (3.2.2) from /Users/Thoughtworker/.rvm/gems/ruby-2.1.0@roguecraft/specifications/builder-3.2.2.gemspec
I, [2014-03-09T15:01:55.650952 #22179]  INFO -- : 0:  bundler (1.5.1) from /Users/Thoughtworker/.rvm/gems/ruby-2.1.0@global/specifications/bundler-1.5.1.gemspec
I, [2014-03-09T15:01:55.651202 #22179]  INFO -- : 0:  diff-lcs (1.2.5) from /Users/Thoughtworker/.rvm/gems/ruby-2.1.0@roguecraft/specifications/diff-lcs-1.2.5.gemspec
I, [2014-03-09T15:01:55.651426 #22179]  INFO -- : 0:  json (1.8.1) from /Users/Thoughtworker/.rvm/rubies/ruby-2.1.0/lib/ruby/gems/2.1.0/specifications/default/json-1.8.1.gemspec
I, [2014-03-09T15:01:55.651662 #22179]  INFO -- : 0:  gherkin (2.4.21) from /Users/Thoughtworker/.rvm/gems/ruby-2.1.0@roguecraft/specifications/gherkin-2.4.21.gemspec
I, [2014-03-09T15:01:55.651904 #22179]  INFO -- : 0:  tins (1.0.0) from /Users/Thoughtworker/.rvm/gems/ruby-2.1.0@roguecraft/specifications/tins-1.0.0.gemspec
I, [2014-03-09T15:01:55.652164 #22179]  INFO -- : 0:  term-ansicolor (1.3.0) from /Users/Thoughtworker/.rvm/gems/ruby-2.1.0@roguecraft/specifications/term-ansicolor-1.3.0.gemspec
I, [2014-03-09T15:01:55.652404 #22179]  INFO -- : 0:  cucumber (0.10.7) from /Users/Thoughtworker/.rvm/gems/ruby-2.1.0@roguecraft/specifications/cucumber-0.10.7.gemspec
I, [2014-03-09T15:01:55.652632 #22179]  INFO -- : 0:  ffi (1.9.3) from /Users/Thoughtworker/.rvm/gems/ruby-2.1.0@roguecraft/specifications/ffi-1.9.3.gemspec
I, [2014-03-09T15:01:55.652861 #22179]  INFO -- : 0:  kramdown (1.3.2) from /Users/Thoughtworker/.rvm/gems/ruby-2.1.0@roguecraft/specifications/kramdown-1.3.2.gemspec
I, [2014-03-09T15:01:55.653094 #22179]  INFO -- : 0:  libtcod (0.0.9) from /Users/Thoughtworker/.rvm/gems/ruby-2.1.0@roguecraft/specifications/libtcod-0.0.9.gemspec
I, [2014-03-09T15:01:55.655873 #22179]  INFO -- : 0:  roguecraft (0.1.0) from /Users/Thoughtworker/Dropbox/Development/etc/roguecraft/roguecraft.gemspec
I, [2014-03-09T15:01:55.656143 #22179]  INFO -- : 0:  rspec-core (2.14.8) from /Users/Thoughtworker/.rvm/gems/ruby-2.1.0@roguecraft/specifications/rspec-core-2.14.8.gemspec
I, [2014-03-09T15:01:55.656394 #22179]  INFO -- : 0:  rspec-expectations (2.14.5) from /Users/Thoughtworker/.rvm/gems/ruby-2.1.0@roguecraft/specifications/rspec-expectations-2.14.5.gemspec
I, [2014-03-09T15:01:55.656637 #22179]  INFO -- : 0:  rspec-mocks (2.14.6) from /Users/Thoughtworker/.rvm/gems/ruby-2.1.0@roguecraft/specifications/rspec-mocks-2.14.6.gemspec
I, [2014-03-09T15:01:55.656887 #22179]  INFO -- : 0:  rspec (2.14.1) from /Users/Thoughtworker/.rvm/gems/ruby-2.1.0@roguecraft/specifications/rspec-2.14.1.gemspec
I, [2014-03-09T15:01:55.657129 #22179]  INFO -- : 0:  rubygems-tasks (0.2.4) from /Users/Thoughtworker/.rvm/gems/ruby-2.1.0@roguecraft/specifications/rubygems-tasks-0.2.4.gemspec
I, [2014-03-09T15:01:55.657391 #22179]  INFO -- : 0:  yard (0.8.7.3) from /Users/Thoughtworker/.rvm/gems/ruby-2.1.0@roguecraft/specifications/yard-0.8.7.3.gemspec
I, [2014-03-09T17:39:10.963832 #28209]  INFO -- : 0:  rake (0.9.6) from /Users/Thoughtworker/.rvm/gems/ruby-2.1.0@roguecraft/specifications/rake-0.9.6.gemspec
I, [2014-03-09T17:39:10.964805 #28209]  INFO -- : 0:  builder (3.2.2) from /Users/Thoughtworker/.rvm/gems/ruby-2.1.0@roguecraft/specifications/builder-3.2.2.gemspec
I, [2014-03-09T17:39:10.965222 #28209]  INFO -- : 0:  bundler (1.5.1) from /Users/Thoughtworker/.rvm/gems/ruby-2.1.0@global/specifications/bundler-1.5.1.gemspec
I, [2014-03-09T17:39:10.965646 #28209]  INFO -- : 0:  diff-lcs (1.2.5) from /Users/Thoughtworker/.rvm/gems/ruby-2.1.0@roguecraft/specifications/diff-lcs-1.2.5.gemspec
I, [2014-03-09T17:39:10.966002 #28209]  INFO -- : 0:  json (1.8.1) from /Users/Thoughtworker/.rvm/rubies/ruby-2.1.0/lib/ruby/gems/2.1.0/specifications/default/json-1.8.1.gemspec
I, [2014-03-09T17:39:10.966379 #28209]  INFO -- : 0:  gherkin (2.4.21) from /Users/Thoughtworker/.rvm/gems/ruby-2.1.0@roguecraft/specifications/gherkin-2.4.21.gemspec
I, [2014-03-09T17:39:10.966737 #28209]  INFO -- : 0:  tins (1.0.0) from /Users/Thoughtworker/.rvm/gems/ruby-2.1.0@roguecraft/specifications/tins-1.0.0.gemspec
I, [2014-03-09T17:39:10.967099 #28209]  INFO -- : 0:  term-ansicolor (1.3.0) from /Users/Thoughtworker/.rvm/gems/ruby-2.1.0@roguecraft/specifications/term-ansicolor-1.3.0.gemspec
I, [2014-03-09T17:39:10.967441 #28209]  INFO -- : 0:  cucumber (0.10.7) from /Users/Thoughtworker/.rvm/gems/ruby-2.1.0@roguecraft/specifications/cucumber-0.10.7.gemspec
I, [2014-03-09T17:39:10.967754 #28209]  INFO -- : 0:  ffi (1.9.3) from /Users/Thoughtworker/.rvm/gems/ruby-2.1.0@roguecraft/specifications/ffi-1.9.3.gemspec
I, [2014-03-09T17:39:10.968108 #28209]  INFO -- : 0:  kramdown (1.3.2) from /Users/Thoughtworker/.rvm/gems/ruby-2.1.0@roguecraft/specifications/kramdown-1.3.2.gemspec
I, [2014-03-09T17:39:10.968428 #28209]  INFO -- : 0:  libtcod (0.0.9) from /Users/Thoughtworker/.rvm/gems/ruby-2.1.0@roguecraft/specifications/libtcod-0.0.9.gemspec
I, [2014-03-09T17:39:10.974075 #28209]  INFO -- : 0:  roguecraft (0.1.0) from /Users/Thoughtworker/Dropbox/Development/etc/roguecraft/roguecraft.gemspec
I, [2014-03-09T17:39:10.974425 #28209]  INFO -- : 0:  rspec-core (2.14.8) from /Users/Thoughtworker/.rvm/gems/ruby-2.1.0@roguecraft/specifications/rspec-core-2.14.8.gemspec
I, [2014-03-09T17:39:10.974712 #28209]  INFO -- : 0:  rspec-expectations (2.14.5) from /Users/Thoughtworker/.rvm/gems/ruby-2.1.0@roguecraft/specifications/rspec-expectations-2.14.5.gemspec
I, [2014-03-09T17:39:10.975001 #28209]  INFO -- : 0:  rspec-mocks (2.14.6) from /Users/Thoughtworker/.rvm/gems/ruby-2.1.0@roguecraft/specifications/rspec-mocks-2.14.6.gemspec
I, [2014-03-09T17:39:10.975291 #28209]  INFO -- : 0:  rspec (2.14.1) from /Users/Thoughtworker/.rvm/gems/ruby-2.1.0@roguecraft/specifications/rspec-2.14.1.gemspec
I, [2014-03-09T17:39:10.975580 #28209]  INFO -- : 0:  rubygems-tasks (0.2.4) from /Users/Thoughtworker/.rvm/gems/ruby-2.1.0@roguecraft/specifications/rubygems-tasks-0.2.4.gemspec
I, [2014-03-09T17:39:10.975871 #28209]  INFO -- : 0:  yard (0.8.7.3) from /Users/Thoughtworker/.rvm/gems/ruby-2.1.0@roguecraft/specifications/yard-0.8.7.3.gemspec
I, [2014-03-09T17:47:58.608669 #28338]  INFO -- : 0:  rake (0.9.6) from /Users/Thoughtworker/.rvm/gems/ruby-2.1.0@roguecraft/specifications/rake-0.9.6.gemspec
I, [2014-03-09T17:47:58.609108 #28338]  INFO -- : 0:  builder (3.2.2) from /Users/Thoughtworker/.rvm/gems/ruby-2.1.0@roguecraft/specifications/builder-3.2.2.gemspec
I, [2014-03-09T17:47:58.609352 #28338]  INFO -- : 0:  bundler (1.5.1) from /Users/Thoughtworker/.rvm/gems/ruby-2.1.0@global/specifications/bundler-1.5.1.gemspec
I, [2014-03-09T17:47:58.609598 #28338]  INFO -- : 0:  diff-lcs (1.2.5) from /Users/Thoughtworker/.rvm/gems/ruby-2.1.0@roguecraft/specifications/diff-lcs-1.2.5.gemspec
I, [2014-03-09T17:47:58.609824 #28338]  INFO -- : 0:  json (1.8.1) from /Users/Thoughtworker/.rvm/rubies/ruby-2.1.0/lib/ruby/gems/2.1.0/specifications/default/json-1.8.1.gemspec
I, [2014-03-09T17:47:58.610072 #28338]  INFO -- : 0:  gherkin (2.4.21) from /Users/Thoughtworker/.rvm/gems/ruby-2.1.0@roguecraft/specifications/gherkin-2.4.21.gemspec
I, [2014-03-09T17:47:58.610303 #28338]  INFO -- : 0:  tins (1.0.0) from /Users/Thoughtworker/.rvm/gems/ruby-2.1.0@roguecraft/specifications/tins-1.0.0.gemspec
I, [2014-03-09T17:47:58.610652 #28338]  INFO -- : 0:  term-ansicolor (1.3.0) from /Users/Thoughtworker/.rvm/gems/ruby-2.1.0@roguecraft/specifications/term-ansicolor-1.3.0.gemspec
I, [2014-03-09T17:47:58.610917 #28338]  INFO -- : 0:  cucumber (0.10.7) from /Users/Thoughtworker/.rvm/gems/ruby-2.1.0@roguecraft/specifications/cucumber-0.10.7.gemspec
I, [2014-03-09T17:47:58.611148 #28338]  INFO -- : 0:  ffi (1.9.3) from /Users/Thoughtworker/.rvm/gems/ruby-2.1.0@roguecraft/specifications/ffi-1.9.3.gemspec
I, [2014-03-09T17:47:58.611365 #28338]  INFO -- : 0:  kramdown (1.3.2) from /Users/Thoughtworker/.rvm/gems/ruby-2.1.0@roguecraft/specifications/kramdown-1.3.2.gemspec
I, [2014-03-09T17:47:58.611589 #28338]  INFO -- : 0:  libtcod (0.0.9) from /Users/Thoughtworker/.rvm/gems/ruby-2.1.0@roguecraft/specifications/libtcod-0.0.9.gemspec
I, [2014-03-09T17:48:03.300230 #28338]  INFO -- : 0:  mini_portile (0.5.2) from /Users/Thoughtworker/.rvm/gems/ruby-2.1.0@roguecraft/specifications/mini_portile-0.5.2.gemspec
I, [2014-03-09T17:51:08.386785 #28338]  INFO -- : 0:  nokogiri (1.6.1) from /Users/Thoughtworker/.rvm/gems/ruby-2.1.0@roguecraft/specifications/nokogiri-1.6.1.gemspec
I, [2014-03-09T17:51:10.377592 #28338]  INFO -- : 0:  minotaur (0.0.3) from /Users/Thoughtworker/.rvm/gems/ruby-2.1.0@roguecraft/specifications/minotaur-0.0.3.gemspec
I, [2014-03-09T17:51:10.380903 #28338]  INFO -- : 0:  roguecraft (0.1.0) from /Users/Thoughtworker/Dropbox/Development/etc/roguecraft/roguecraft.gemspec
I, [2014-03-09T17:51:10.381236 #28338]  INFO -- : 0:  rspec-core (2.14.8) from /Users/Thoughtworker/.rvm/gems/ruby-2.1.0@roguecraft/specifications/rspec-core-2.14.8.gemspec
I, [2014-03-09T17:51:10.381498 #28338]  INFO -- : 0:  rspec-expectations (2.14.5) from /Users/Thoughtworker/.rvm/gems/ruby-2.1.0@roguecraft/specifications/rspec-expectations-2.14.5.gemspec
I, [2014-03-09T17:51:10.381769 #28338]  INFO -- : 0:  rspec-mocks (2.14.6) from /Users/Thoughtworker/.rvm/gems/ruby-2.1.0@roguecraft/specifications/rspec-mocks-2.14.6.gemspec
I, [2014-03-09T17:51:10.382014 #28338]  INFO -- : 0:  rspec (2.14.1) from /Users/Thoughtworker/.rvm/gems/ruby-2.1.0@roguecraft/specifications/rspec-2.14.1.gemspec
I, [2014-03-09T17:51:10.382261 #28338]  INFO -- : 0:  rubygems-tasks (0.2.4) from /Users/Thoughtworker/.rvm/gems/ruby-2.1.0@roguecraft/specifications/rubygems-tasks-0.2.4.gemspec
I, [2014-03-09T17:51:10.382503 #28338]  INFO -- : 0:  yard (0.8.7.3) from /Users/Thoughtworker/.rvm/gems/ruby-2.1.0@roguecraft/specifications/yard-0.8.7.3.gemspec
I, [2014-03-10T14:23:26.439221 #1895]  INFO -- : 0:  rake (0.9.6) from /Users/Thoughtworker/.rvm/gems/ruby-2.1.0@roguecraft/specifications/rake-0.9.6.gemspec
I, [2014-03-10T14:23:26.439927 #1895]  INFO -- : 0:  builder (3.2.2) from /Users/Thoughtworker/.rvm/gems/ruby-2.1.0@roguecraft/specifications/builder-3.2.2.gemspec
I, [2014-03-10T14:23:26.440223 #1895]  INFO -- : 0:  bundler (1.5.1) from /Users/Thoughtworker/.rvm/gems/ruby-2.1.0@global/specifications/bundler-1.5.1.gemspec
I, [2014-03-10T14:23:26.440501 #1895]  INFO -- : 0:  diff-lcs (1.2.5) from /Users/Thoughtworker/.rvm/gems/ruby-2.1.0@roguecraft/specifications/diff-lcs-1.2.5.gemspec
I, [2014-03-10T14:23:26.440752 #1895]  INFO -- : 0:  json (1.8.1) from /Users/Thoughtworker/.rvm/rubies/ruby-2.1.0/lib/ruby/gems/2.1.0/specifications/default/json-1.8.1.gemspec
I, [2014-03-10T14:23:26.440999 #1895]  INFO -- : 0:  gherkin (2.4.21) from /Users/Thoughtworker/.rvm/gems/ruby-2.1.0@roguecraft/specifications/gherkin-2.4.21.gemspec
I, [2014-03-10T14:23:26.441244 #1895]  INFO -- : 0:  tins (1.0.0) from /Users/Thoughtworker/.rvm/gems/ruby-2.1.0@roguecraft/specifications/tins-1.0.0.gemspec
I, [2014-03-10T14:23:26.441498 #1895]  INFO -- : 0:  term-ansicolor (1.3.0) from /Users/Thoughtworker/.rvm/gems/ruby-2.1.0@roguecraft/specifications/term-ansicolor-1.3.0.gemspec
I, [2014-03-10T14:23:26.441739 #1895]  INFO -- : 0:  cucumber (0.10.7) from /Users/Thoughtworker/.rvm/gems/ruby-2.1.0@roguecraft/specifications/cucumber-0.10.7.gemspec
I, [2014-03-10T14:23:28.605356 #1895]  INFO -- : 0:  dice (0.0.3) from /Users/Thoughtworker/.rvm/gems/ruby-2.1.0@roguecraft/specifications/dice-0.0.3.gemspec
I, [2014-03-10T14:23:28.605831 #1895]  INFO -- : 0:  ffi (1.9.3) from /Users/Thoughtworker/.rvm/gems/ruby-2.1.0@roguecraft/specifications/ffi-1.9.3.gemspec
I, [2014-03-10T14:23:28.606101 #1895]  INFO -- : 0:  kramdown (1.3.2) from /Users/Thoughtworker/.rvm/gems/ruby-2.1.0@roguecraft/specifications/kramdown-1.3.2.gemspec
I, [2014-03-10T14:23:28.606381 #1895]  INFO -- : 0:  libtcod (0.0.9) from /Users/Thoughtworker/.rvm/gems/ruby-2.1.0@roguecraft/specifications/libtcod-0.0.9.gemspec
I, [2014-03-10T14:23:28.686713 #1895]  INFO -- : 0:  minotaur (0.0.1) from /Users/Thoughtworker/.rvm/gems/ruby-2.1.0@roguecraft/bundler/gems/minotaur-9b36a76cc37d/minotaur.gemspec
I, [2014-03-10T14:23:28.692614 #1895]  INFO -- : 0:  roguecraft (0.1.0) from /Users/Thoughtworker/Dropbox/Development/etc/roguecraft/roguecraft.gemspec
I, [2014-03-10T14:23:28.692977 #1895]  INFO -- : 0:  rspec-core (2.14.8) from /Users/Thoughtworker/.rvm/gems/ruby-2.1.0@roguecraft/specifications/rspec-core-2.14.8.gemspec
I, [2014-03-10T14:23:28.693237 #1895]  INFO -- : 0:  rspec-expectations (2.14.5) from /Users/Thoughtworker/.rvm/gems/ruby-2.1.0@roguecraft/specifications/rspec-expectations-2.14.5.gemspec
I, [2014-03-10T14:23:28.693497 #1895]  INFO -- : 0:  rspec-mocks (2.14.6) from /Users/Thoughtworker/.rvm/gems/ruby-2.1.0@roguecraft/specifications/rspec-mocks-2.14.6.gemspec
I, [2014-03-10T14:23:28.693727 #1895]  INFO -- : 0:  rspec (2.14.1) from /Users/Thoughtworker/.rvm/gems/ruby-2.1.0@roguecraft/specifications/rspec-2.14.1.gemspec
I, [2014-03-10T14:23:28.693976 #1895]  INFO -- : 0:  rubygems-tasks (0.2.4) from /Users/Thoughtworker/.rvm/gems/ruby-2.1.0@roguecraft/specifications/rubygems-tasks-0.2.4.gemspec
I, [2014-03-10T14:23:28.694235 #1895]  INFO -- : 0:  yard (0.8.7.3) from /Users/Thoughtworker/.rvm/gems/ruby-2.1.0@roguecraft/specifications/yard-0.8.7.3.gemspec
I, [2014-03-10T17:42:59.878204 #2447]  INFO -- : 0:  rake (0.9.6) from /Users/Thoughtworker/.rvm/gems/ruby-2.1.0@roguecraft/specifications/rake-0.9.6.gemspec
I, [2014-03-10T17:42:59.878730 #2447]  INFO -- : 0:  builder (3.2.2) from /Users/Thoughtworker/.rvm/gems/ruby-2.1.0@roguecraft/specifications/builder-3.2.2.gemspec
I, [2014-03-10T17:42:59.879122 #2447]  INFO -- : 0:  bundler (1.5.1) from /Users/Thoughtworker/.rvm/gems/ruby-2.1.0@global/specifications/bundler-1.5.1.gemspec
I, [2014-03-10T17:42:59.879465 #2447]  INFO -- : 0:  coderay (1.1.0) from /Users/Thoughtworker/.rvm/gems/ruby-2.1.0@roguecraft/specifications/coderay-1.1.0.gemspec
I, [2014-03-10T17:42:59.879824 #2447]  INFO -- : 0:  diff-lcs (1.2.5) from /Users/Thoughtworker/.rvm/gems/ruby-2.1.0@roguecraft/specifications/diff-lcs-1.2.5.gemspec
I, [2014-03-10T17:42:59.880158 #2447]  INFO -- : 0:  json (1.8.1) from /Users/Thoughtworker/.rvm/rubies/ruby-2.1.0/lib/ruby/gems/2.1.0/specifications/default/json-1.8.1.gemspec
I, [2014-03-10T17:42:59.880491 #2447]  INFO -- : 0:  gherkin (2.4.21) from /Users/Thoughtworker/.rvm/gems/ruby-2.1.0@roguecraft/specifications/gherkin-2.4.21.gemspec
I, [2014-03-10T17:42:59.880834 #2447]  INFO -- : 0:  tins (1.0.0) from /Users/Thoughtworker/.rvm/gems/ruby-2.1.0@roguecraft/specifications/tins-1.0.0.gemspec
I, [2014-03-10T17:42:59.881162 #2447]  INFO -- : 0:  term-ansicolor (1.3.0) from /Users/Thoughtworker/.rvm/gems/ruby-2.1.0@roguecraft/specifications/term-ansicolor-1.3.0.gemspec
I, [2014-03-10T17:42:59.881512 #2447]  INFO -- : 0:  cucumber (0.10.7) from /Users/Thoughtworker/.rvm/gems/ruby-2.1.0@roguecraft/specifications/cucumber-0.10.7.gemspec
I, [2014-03-10T17:42:59.881859 #2447]  INFO -- : 0:  dice (0.0.3) from /Users/Thoughtworker/.rvm/gems/ruby-2.1.0@roguecraft/specifications/dice-0.0.3.gemspec
I, [2014-03-10T17:42:59.882199 #2447]  INFO -- : 0:  ffi (1.9.3) from /Users/Thoughtworker/.rvm/gems/ruby-2.1.0@roguecraft/specifications/ffi-1.9.3.gemspec
I, [2014-03-10T17:42:59.882543 #2447]  INFO -- : 0:  kramdown (1.3.2) from /Users/Thoughtworker/.rvm/gems/ruby-2.1.0@roguecraft/specifications/kramdown-1.3.2.gemspec
I, [2014-03-10T17:42:59.882898 #2447]  INFO -- : 0:  libtcod (0.0.9) from /Users/Thoughtworker/.rvm/gems/ruby-2.1.0@roguecraft/specifications/libtcod-0.0.9.gemspec
I, [2014-03-10T17:42:59.883241 #2447]  INFO -- : 0:  method_source (0.8.2) from /Users/Thoughtworker/.rvm/gems/ruby-2.1.0@roguecraft/specifications/method_source-0.8.2.gemspec
I, [2014-03-10T17:42:59.951711 #2447]  INFO -- : 0:  minotaur (0.0.1) from /Users/Thoughtworker/.rvm/gems/ruby-2.1.0@roguecraft/bundler/gems/minotaur-9b36a76cc37d/minotaur.gemspec
I, [2014-03-10T17:42:59.952050 #2447]  INFO -- : 0:  slop (3.4.7) from /Users/Thoughtworker/.rvm/gems/ruby-2.1.0@roguecraft/specifications/slop-3.4.7.gemspec
I, [2014-03-10T17:42:59.952312 #2447]  INFO -- : 0:  pry (0.9.12.6) from /Users/Thoughtworker/.rvm/gems/ruby-2.1.0@roguecraft/specifications/pry-0.9.12.6.gemspec
I, [2014-03-10T17:42:59.955202 #2447]  INFO -- : 0:  roguecraft (0.1.0) from /Users/Thoughtworker/Dropbox/Development/etc/roguecraft/roguecraft.gemspec
I, [2014-03-10T17:42:59.955492 #2447]  INFO -- : 0:  rspec-core (2.14.8) from /Users/Thoughtworker/.rvm/gems/ruby-2.1.0@roguecraft/specifications/rspec-core-2.14.8.gemspec
I, [2014-03-10T17:42:59.955821 #2447]  INFO -- : 0:  rspec-expectations (2.14.5) from /Users/Thoughtworker/.rvm/gems/ruby-2.1.0@roguecraft/specifications/rspec-expectations-2.14.5.gemspec
I, [2014-03-10T17:42:59.956091 #2447]  INFO -- : 0:  rspec-mocks (2.14.6) from /Users/Thoughtworker/.rvm/gems/ruby-2.1.0@roguecraft/specifications/rspec-mocks-2.14.6.gemspec
I, [2014-03-10T17:42:59.956360 #2447]  INFO -- : 0:  rspec (2.14.1) from /Users/Thoughtworker/.rvm/gems/ruby-2.1.0@roguecraft/specifications/rspec-2.14.1.gemspec
I, [2014-03-10T17:42:59.956634 #2447]  INFO -- : 0:  rubygems-tasks (0.2.4) from /Users/Thoughtworker/.rvm/gems/ruby-2.1.0@roguecraft/specifications/rubygems-tasks-0.2.4.gemspec
I, [2014-03-10T17:42:59.956930 #2447]  INFO -- : 0:  yard (0.8.7.3) from /Users/Thoughtworker/.rvm/gems/ruby-2.1.0@roguecraft/specifications/yard-0.8.7.3.gemspec
I, [2014-03-14T00:00:04.852306 #35764]  INFO -- : 0:  rake (0.9.6) from /Users/Thoughtworker/.rvm/gems/ruby-2.1.0@roguecraft/specifications/rake-0.9.6.gemspec
I, [2014-03-14T00:00:04.853218 #35764]  INFO -- : 0:  builder (3.2.2) from /Users/Thoughtworker/.rvm/gems/ruby-2.1.0@roguecraft/specifications/builder-3.2.2.gemspec
I, [2014-03-14T00:00:04.853563 #35764]  INFO -- : 0:  bundler (1.5.1) from /Users/Thoughtworker/.rvm/gems/ruby-2.1.0@global/specifications/bundler-1.5.1.gemspec
I, [2014-03-14T00:00:04.853823 #35764]  INFO -- : 0:  coderay (1.1.0) from /Users/Thoughtworker/.rvm/gems/ruby-2.1.0@roguecraft/specifications/coderay-1.1.0.gemspec
I, [2014-03-14T00:00:04.854168 #35764]  INFO -- : 0:  diff-lcs (1.2.5) from /Users/Thoughtworker/.rvm/gems/ruby-2.1.0@roguecraft/specifications/diff-lcs-1.2.5.gemspec
I, [2014-03-14T00:00:04.854557 #35764]  INFO -- : 0:  json (1.8.1) from /Users/Thoughtworker/.rvm/rubies/ruby-2.1.0/lib/ruby/gems/2.1.0/specifications/default/json-1.8.1.gemspec
I, [2014-03-14T00:00:04.854799 #35764]  INFO -- : 0:  gherkin (2.4.21) from /Users/Thoughtworker/.rvm/gems/ruby-2.1.0@roguecraft/specifications/gherkin-2.4.21.gemspec
I, [2014-03-14T00:00:04.855041 #35764]  INFO -- : 0:  tins (1.0.0) from /Users/Thoughtworker/.rvm/gems/ruby-2.1.0@roguecraft/specifications/tins-1.0.0.gemspec
I, [2014-03-14T00:00:04.855309 #35764]  INFO -- : 0:  term-ansicolor (1.3.0) from /Users/Thoughtworker/.rvm/gems/ruby-2.1.0@roguecraft/specifications/term-ansicolor-1.3.0.gemspec
I, [2014-03-14T00:00:04.855558 #35764]  INFO -- : 0:  cucumber (0.10.7) from /Users/Thoughtworker/.rvm/gems/ruby-2.1.0@roguecraft/specifications/cucumber-0.10.7.gemspec
I, [2014-03-14T00:00:04.855807 #35764]  INFO -- : 0:  dice (0.0.3) from /Users/Thoughtworker/.rvm/gems/ruby-2.1.0@roguecraft/specifications/dice-0.0.3.gemspec
I, [2014-03-14T00:00:04.856085 #35764]  INFO -- : 0:  ffi (1.9.3) from /Users/Thoughtworker/.rvm/gems/ruby-2.1.0@roguecraft/specifications/ffi-1.9.3.gemspec
I, [2014-03-14T00:00:04.856324 #35764]  INFO -- : 0:  kramdown (1.3.2) from /Users/Thoughtworker/.rvm/gems/ruby-2.1.0@roguecraft/specifications/kramdown-1.3.2.gemspec
I, [2014-03-14T00:00:04.856566 #35764]  INFO -- : 0:  libtcod (0.0.9) from /Users/Thoughtworker/.rvm/gems/ruby-2.1.0@roguecraft/specifications/libtcod-0.0.9.gemspec
I, [2014-03-14T00:00:04.856841 #35764]  INFO -- : 0:  method_source (0.8.2) from /Users/Thoughtworker/.rvm/gems/ruby-2.1.0@roguecraft/specifications/method_source-0.8.2.gemspec
I, [2014-03-14T00:00:04.869213 #35764]  INFO -- : 0:  minotaur (0.0.1) from /Users/Thoughtworker/Dropbox/Development/etc/minotaur/minotaur.gemspec
I, [2014-03-14T00:00:04.869542 #35764]  INFO -- : 0:  slop (3.4.7) from /Users/Thoughtworker/.rvm/gems/ruby-2.1.0@roguecraft/specifications/slop-3.4.7.gemspec
I, [2014-03-14T00:00:04.869798 #35764]  INFO -- : 0:  pry (0.9.12.6) from /Users/Thoughtworker/.rvm/gems/ruby-2.1.0@roguecraft/specifications/pry-0.9.12.6.gemspec
I, [2014-03-14T00:00:04.872701 #35764]  INFO -- : 0:  roguecraft (0.1.0) from /Users/Thoughtworker/Dropbox/Development/etc/roguecraft/roguecraft.gemspec
I, [2014-03-14T00:00:04.873035 #35764]  INFO -- : 0:  rspec-core (2.14.8) from /Users/Thoughtworker/.rvm/gems/ruby-2.1.0@roguecraft/specifications/rspec-core-2.14.8.gemspec
I, [2014-03-14T00:00:04.873311 #35764]  INFO -- : 0:  rspec-expectations (2.14.5) from /Users/Thoughtworker/.rvm/gems/ruby-2.1.0@roguecraft/specifications/rspec-expectations-2.14.5.gemspec
I, [2014-03-14T00:00:04.873574 #35764]  INFO -- : 0:  rspec-mocks (2.14.6) from /Users/Thoughtworker/.rvm/gems/ruby-2.1.0@roguecraft/specifications/rspec-mocks-2.14.6.gemspec
I, [2014-03-14T00:00:04.873831 #35764]  INFO -- : 0:  rspec (2.14.1) from /Users/Thoughtworker/.rvm/gems/ruby-2.1.0@roguecraft/specifications/rspec-2.14.1.gemspec
I, [2014-03-14T00:00:04.874088 #35764]  INFO -- : 0:  rubygems-tasks (0.2.4) from /Users/Thoughtworker/.rvm/gems/ruby-2.1.0@roguecraft/specifications/rubygems-tasks-0.2.4.gemspec
I, [2014-03-14T00:00:04.874335 #35764]  INFO -- : 0:  yard (0.8.7.3) from /Users/Thoughtworker/.rvm/gems/ruby-2.1.0@roguecraft/specifications/yard-0.8.7.3.gemspec
I, [2014-03-14T00:00:22.670287 #35815]  INFO -- : 0:  rake (0.9.6) from /Users/Thoughtworker/.rvm/gems/ruby-2.1.0@roguecraft/specifications/rake-0.9.6.gemspec
I, [2014-03-14T00:00:22.670711 #35815]  INFO -- : 0:  builder (3.2.2) from /Users/Thoughtworker/.rvm/gems/ruby-2.1.0@roguecraft/specifications/builder-3.2.2.gemspec
I, [2014-03-14T00:00:22.670999 #35815]  INFO -- : 0:  bundler (1.5.1) from /Users/Thoughtworker/.rvm/gems/ruby-2.1.0@global/specifications/bundler-1.5.1.gemspec
I, [2014-03-14T00:00:22.671298 #35815]  INFO -- : 0:  coderay (1.1.0) from /Users/Thoughtworker/.rvm/gems/ruby-2.1.0@roguecraft/specifications/coderay-1.1.0.gemspec
I, [2014-03-14T00:00:22.671555 #35815]  INFO -- : 0:  diff-lcs (1.2.5) from /Users/Thoughtworker/.rvm/gems/ruby-2.1.0@roguecraft/specifications/diff-lcs-1.2.5.gemspec
I, [2014-03-14T00:00:22.671820 #35815]  INFO -- : 0:  json (1.8.1) from /Users/Thoughtworker/.rvm/rubies/ruby-2.1.0/lib/ruby/gems/2.1.0/specifications/default/json-1.8.1.gemspec
I, [2014-03-14T00:00:22.672070 #35815]  INFO -- : 0:  gherkin (2.4.21) from /Users/Thoughtworker/.rvm/gems/ruby-2.1.0@roguecraft/specifications/gherkin-2.4.21.gemspec
I, [2014-03-14T00:00:22.672312 #35815]  INFO -- : 0:  tins (1.0.0) from /Users/Thoughtworker/.rvm/gems/ruby-2.1.0@roguecraft/specifications/tins-1.0.0.gemspec
I, [2014-03-14T00:00:22.672584 #35815]  INFO -- : 0:  term-ansicolor (1.3.0) from /Users/Thoughtworker/.rvm/gems/ruby-2.1.0@roguecraft/specifications/term-ansicolor-1.3.0.gemspec
I, [2014-03-14T00:00:22.672829 #35815]  INFO -- : 0:  cucumber (0.10.7) from /Users/Thoughtworker/.rvm/gems/ruby-2.1.0@roguecraft/specifications/cucumber-0.10.7.gemspec
I, [2014-03-14T00:00:22.673075 #35815]  INFO -- : 0:  dice (0.0.3) from /Users/Thoughtworker/.rvm/gems/ruby-2.1.0@roguecraft/specifications/dice-0.0.3.gemspec
I, [2014-03-14T00:00:22.673334 #35815]  INFO -- : 0:  ffi (1.9.3) from /Users/Thoughtworker/.rvm/gems/ruby-2.1.0@roguecraft/specifications/ffi-1.9.3.gemspec
I, [2014-03-14T00:00:22.673586 #35815]  INFO -- : 0:  kramdown (1.3.2) from /Users/Thoughtworker/.rvm/gems/ruby-2.1.0@roguecraft/specifications/kramdown-1.3.2.gemspec
I, [2014-03-14T00:00:22.673849 #35815]  INFO -- : 0:  libtcod (0.0.9) from /Users/Thoughtworker/.rvm/gems/ruby-2.1.0@roguecraft/specifications/libtcod-0.0.9.gemspec
I, [2014-03-14T00:00:22.674103 #35815]  INFO -- : 0:  method_source (0.8.2) from /Users/Thoughtworker/.rvm/gems/ruby-2.1.0@roguecraft/specifications/method_source-0.8.2.gemspec
I, [2014-03-14T00:00:22.683594 #35815]  INFO -- : 0:  minotaur (0.0.1) from /Users/Thoughtworker/Dropbox/Development/etc/minotaur/minotaur.gemspec
I, [2014-03-14T00:00:22.683924 #35815]  INFO -- : 0:  slop (3.4.7) from /Users/Thoughtworker/.rvm/gems/ruby-2.1.0@roguecraft/specifications/slop-3.4.7.gemspec
I, [2014-03-14T00:00:22.684185 #35815]  INFO -- : 0:  pry (0.9.12.6) from /Users/Thoughtworker/.rvm/gems/ruby-2.1.0@roguecraft/specifications/pry-0.9.12.6.gemspec
I, [2014-03-14T00:00:22.686778 #35815]  INFO -- : 0:  roguecraft (0.1.0) from /Users/Thoughtworker/Dropbox/Development/etc/roguecraft/roguecraft.gemspec
I, [2014-03-14T00:00:22.687081 #35815]  INFO -- : 0:  rspec-core (2.14.8) from /Users/Thoughtworker/.rvm/gems/ruby-2.1.0@roguecraft/specifications/rspec-core-2.14.8.gemspec
I, [2014-03-14T00:00:22.687408 #35815]  INFO -- : 0:  rspec-expectations (2.14.5) from /Users/Thoughtworker/.rvm/gems/ruby-2.1.0@roguecraft/specifications/rspec-expectations-2.14.5.gemspec
I, [2014-03-14T00:00:22.687682 #35815]  INFO -- : 0:  rspec-mocks (2.14.6) from /Users/Thoughtworker/.rvm/gems/ruby-2.1.0@roguecraft/specifications/rspec-mocks-2.14.6.gemspec
I, [2014-03-14T00:00:22.687949 #35815]  INFO -- : 0:  rspec (2.14.1) from /Users/Thoughtworker/.rvm/gems/ruby-2.1.0@roguecraft/specifications/rspec-2.14.1.gemspec
I, [2014-03-14T00:00:22.688234 #35815]  INFO -- : 0:  rubygems-tasks (0.2.4) from /Users/Thoughtworker/.rvm/gems/ruby-2.1.0@roguecraft/specifications/rubygems-tasks-0.2.4.gemspec
I, [2014-03-14T00:00:22.688472 #35815]  INFO -- : 0:  yard (0.8.7.3) from /Users/Thoughtworker/.rvm/gems/ruby-2.1.0@roguecraft/specifications/yard-0.8.7.3.gemspec
I, [2014-03-23T12:20:32.467863 #49606]  INFO -- : 0:  rake (0.9.6) from /Users/Thoughtworker/.rvm/gems/ruby-2.1.0@roguecraft/specifications/rake-0.9.6.gemspec
I, [2014-03-23T12:20:37.546659 #49606]  INFO -- : 0:  addressable (2.3.5) from /Users/Thoughtworker/.rvm/gems/ruby-2.1.0@roguecraft/specifications/addressable-2.3.5.gemspec
I, [2014-03-23T12:20:37.547259 #49606]  INFO -- : 0:  builder (3.2.2) from /Users/Thoughtworker/.rvm/gems/ruby-2.1.0@roguecraft/specifications/builder-3.2.2.gemspec
I, [2014-03-23T12:20:37.547573 #49606]  INFO -- : 0:  bundler (1.5.1) from /Users/Thoughtworker/.rvm/gems/ruby-2.1.0@global/specifications/bundler-1.5.1.gemspec
I, [2014-03-23T12:20:37.547908 #49606]  INFO -- : 0:  coderay (1.1.0) from /Users/Thoughtworker/.rvm/gems/ruby-2.1.0@roguecraft/specifications/coderay-1.1.0.gemspec
I, [2014-03-23T12:20:37.548251 #49606]  INFO -- : 0:  diff-lcs (1.2.5) from /Users/Thoughtworker/.rvm/gems/ruby-2.1.0@roguecraft/specifications/diff-lcs-1.2.5.gemspec
I, [2014-03-23T12:20:37.548585 #49606]  INFO -- : 0:  json (1.8.1) from /Users/Thoughtworker/.rvm/rubies/ruby-2.1.0/lib/ruby/gems/2.1.0/specifications/default/json-1.8.1.gemspec
I, [2014-03-23T12:20:37.548939 #49606]  INFO -- : 0:  gherkin (2.4.21) from /Users/Thoughtworker/.rvm/gems/ruby-2.1.0@roguecraft/specifications/gherkin-2.4.21.gemspec
I, [2014-03-23T12:20:37.549228 #49606]  INFO -- : 0:  tins (1.0.0) from /Users/Thoughtworker/.rvm/gems/ruby-2.1.0@roguecraft/specifications/tins-1.0.0.gemspec
I, [2014-03-23T12:20:37.549503 #49606]  INFO -- : 0:  term-ansicolor (1.3.0) from /Users/Thoughtworker/.rvm/gems/ruby-2.1.0@roguecraft/specifications/term-ansicolor-1.3.0.gemspec
I, [2014-03-23T12:20:37.549794 #49606]  INFO -- : 0:  cucumber (0.10.7) from /Users/Thoughtworker/.rvm/gems/ruby-2.1.0@roguecraft/specifications/cucumber-0.10.7.gemspec
I, [2014-03-23T12:20:40.921558 #49606]  INFO -- : 0:  daemons (1.1.9) from /Users/Thoughtworker/.rvm/gems/ruby-2.1.0@roguecraft/specifications/daemons-1.1.9.gemspec
I, [2014-03-23T12:20:40.922268 #49606]  INFO -- : 0:  dice (0.0.3) from /Users/Thoughtworker/.rvm/gems/ruby-2.1.0@roguecraft/specifications/dice-0.0.3.gemspec
I, [2014-03-23T12:20:53.576008 #49606]  INFO -- : 0:  eventmachine (1.0.3) from /Users/Thoughtworker/.rvm/gems/ruby-2.1.0@roguecraft/specifications/eventmachine-1.0.3.gemspec
I, [2014-03-23T12:20:55.622442 #49606]  INFO -- : 0:  em-websocket (0.3.8) from /Users/Thoughtworker/.rvm/gems/ruby-2.1.0@roguecraft/specifications/em-websocket-0.3.8.gemspec
I, [2014-03-23T12:20:55.623005 #49606]  INFO -- : 0:  ffi (1.9.3) from /Users/Thoughtworker/.rvm/gems/ruby-2.1.0@roguecraft/specifications/ffi-1.9.3.gemspec
I, [2014-03-23T12:20:55.623398 #49606]  INFO -- : 0:  kramdown (1.3.2) from /Users/Thoughtworker/.rvm/gems/ruby-2.1.0@roguecraft/specifications/kramdown-1.3.2.gemspec
I, [2014-03-23T12:20:55.623763 #49606]  INFO -- : 0:  libtcod (0.0.9) from /Users/Thoughtworker/.rvm/gems/ruby-2.1.0@roguecraft/specifications/libtcod-0.0.9.gemspec
I, [2014-03-23T12:20:55.624186 #49606]  INFO -- : 0:  method_source (0.8.2) from /Users/Thoughtworker/.rvm/gems/ruby-2.1.0@roguecraft/specifications/method_source-0.8.2.gemspec
I, [2014-03-23T12:20:55.751762 #49606]  INFO -- : 0:  minotaur (0.0.1) from /Users/Thoughtworker/Dropbox/Development/etc/minotaur/minotaur.gemspec
I, [2014-03-23T12:20:55.752246 #49606]  INFO -- : 0:  slop (3.4.7) from /Users/Thoughtworker/.rvm/gems/ruby-2.1.0@roguecraft/specifications/slop-3.4.7.gemspec
I, [2014-03-23T12:20:55.752559 #49606]  INFO -- : 0:  pry (0.9.12.6) from /Users/Thoughtworker/.rvm/gems/ruby-2.1.0@roguecraft/specifications/pry-0.9.12.6.gemspec
I, [2014-03-23T12:20:59.438083 #49606]  INFO -- : 0:  rack (1.5.2) from /Users/Thoughtworker/.rvm/gems/ruby-2.1.0@roguecraft/specifications/rack-1.5.2.gemspec
I, [2014-03-23T12:21:01.671002 #49606]  INFO -- : 0:  rack-protection (1.5.2) from /Users/Thoughtworker/.rvm/gems/ruby-2.1.0@roguecraft/specifications/rack-protection-1.5.2.gemspec
I, [2014-03-23T12:21:01.676501 #49606]  INFO -- : 0:  roguecraft (0.1.0) from /Users/Thoughtworker/Dropbox/Development/etc/roguecraft/roguecraft.gemspec
I, [2014-03-23T12:21:01.676950 #49606]  INFO -- : 0:  rspec-core (2.14.8) from /Users/Thoughtworker/.rvm/gems/ruby-2.1.0@roguecraft/specifications/rspec-core-2.14.8.gemspec
I, [2014-03-23T12:21:01.677267 #49606]  INFO -- : 0:  rspec-expectations (2.14.5) from /Users/Thoughtworker/.rvm/gems/ruby-2.1.0@roguecraft/specifications/rspec-expectations-2.14.5.gemspec
I, [2014-03-23T12:21:01.677575 #49606]  INFO -- : 0:  rspec-mocks (2.14.6) from /Users/Thoughtworker/.rvm/gems/ruby-2.1.0@roguecraft/specifications/rspec-mocks-2.14.6.gemspec
I, [2014-03-23T12:21:01.677916 #49606]  INFO -- : 0:  rspec (2.14.1) from /Users/Thoughtworker/.rvm/gems/ruby-2.1.0@roguecraft/specifications/rspec-2.14.1.gemspec
I, [2014-03-23T12:21:01.678215 #49606]  INFO -- : 0:  rubygems-tasks (0.2.4) from /Users/Thoughtworker/.rvm/gems/ruby-2.1.0@roguecraft/specifications/rubygems-tasks-0.2.4.gemspec
I, [2014-03-23T12:21:06.096834 #49606]  INFO -- : 0:  tilt (1.4.1) from /Users/Thoughtworker/.rvm/gems/ruby-2.1.0@roguecraft/specifications/tilt-1.4.1.gemspec
I, [2014-03-23T12:21:10.299141 #49606]  INFO -- : 0:  sinatra (1.4.4) from /Users/Thoughtworker/.rvm/gems/ruby-2.1.0@roguecraft/specifications/sinatra-1.4.4.gemspec
I, [2014-03-23T12:21:20.755996 #49606]  INFO -- : 0:  thin (1.6.2) from /Users/Thoughtworker/.rvm/gems/ruby-2.1.0@roguecraft/specifications/thin-1.6.2.gemspec
I, [2014-03-23T12:21:22.711883 #49606]  INFO -- : 0:  sinatra-websocket (0.3.0) from /Users/Thoughtworker/.rvm/gems/ruby-2.1.0@roguecraft/specifications/sinatra-websocket-0.3.0.gemspec
I, [2014-03-23T12:21:22.712338 #49606]  INFO -- : 0:  yard (0.8.7.3) from /Users/Thoughtworker/.rvm/gems/ruby-2.1.0@roguecraft/specifications/yard-0.8.7.3.gemspec
I, [2014-03-23T12:27:36.053763 #50133]  INFO -- : 0:  rake (0.9.6) from /Users/Thoughtworker/.rvm/gems/ruby-2.1.0@roguecraft/specifications/rake-0.9.6.gemspec
I, [2014-03-23T12:27:36.054154 #50133]  INFO -- : 0:  addressable (2.3.5) from /Users/Thoughtworker/.rvm/gems/ruby-2.1.0@roguecraft/specifications/addressable-2.3.5.gemspec
I, [2014-03-23T12:27:36.054421 #50133]  INFO -- : 0:  builder (3.2.2) from /Users/Thoughtworker/.rvm/gems/ruby-2.1.0@roguecraft/specifications/builder-3.2.2.gemspec
I, [2014-03-23T12:27:36.054661 #50133]  INFO -- : 0:  bundler (1.5.1) from /Users/Thoughtworker/.rvm/gems/ruby-2.1.0@global/specifications/bundler-1.5.1.gemspec
I, [2014-03-23T12:27:36.054903 #50133]  INFO -- : 0:  coderay (1.1.0) from /Users/Thoughtworker/.rvm/gems/ruby-2.1.0@roguecraft/specifications/coderay-1.1.0.gemspec
I, [2014-03-23T12:27:36.055143 #50133]  INFO -- : 0:  diff-lcs (1.2.5) from /Users/Thoughtworker/.rvm/gems/ruby-2.1.0@roguecraft/specifications/diff-lcs-1.2.5.gemspec
I, [2014-03-23T12:27:36.055373 #50133]  INFO -- : 0:  json (1.8.1) from /Users/Thoughtworker/.rvm/rubies/ruby-2.1.0/lib/ruby/gems/2.1.0/specifications/default/json-1.8.1.gemspec
I, [2014-03-23T12:27:36.055613 #50133]  INFO -- : 0:  gherkin (2.4.21) from /Users/Thoughtworker/.rvm/gems/ruby-2.1.0@roguecraft/specifications/gherkin-2.4.21.gemspec
I, [2014-03-23T12:27:36.055862 #50133]  INFO -- : 0:  tins (1.0.0) from /Users/Thoughtworker/.rvm/gems/ruby-2.1.0@roguecraft/specifications/tins-1.0.0.gemspec
I, [2014-03-23T12:27:36.056108 #50133]  INFO -- : 0:  term-ansicolor (1.3.0) from /Users/Thoughtworker/.rvm/gems/ruby-2.1.0@roguecraft/specifications/term-ansicolor-1.3.0.gemspec
I, [2014-03-23T12:27:36.056350 #50133]  INFO -- : 0:  cucumber (0.10.7) from /Users/Thoughtworker/.rvm/gems/ruby-2.1.0@roguecraft/specifications/cucumber-0.10.7.gemspec
I, [2014-03-23T12:27:36.056630 #50133]  INFO -- : 0:  daemons (1.1.9) from /Users/Thoughtworker/.rvm/gems/ruby-2.1.0@roguecraft/specifications/daemons-1.1.9.gemspec
I, [2014-03-23T12:27:36.056898 #50133]  INFO -- : 0:  dice (0.0.3) from /Users/Thoughtworker/.rvm/gems/ruby-2.1.0@roguecraft/specifications/dice-0.0.3.gemspec
I, [2014-03-23T12:27:36.057141 #50133]  INFO -- : 0:  eventmachine (1.0.3) from /Users/Thoughtworker/.rvm/gems/ruby-2.1.0@roguecraft/specifications/eventmachine-1.0.3.gemspec
I, [2014-03-23T12:27:36.057384 #50133]  INFO -- : 0:  em-websocket (0.3.8) from /Users/Thoughtworker/.rvm/gems/ruby-2.1.0@roguecraft/specifications/em-websocket-0.3.8.gemspec
I, [2014-03-23T12:27:36.057621 #50133]  INFO -- : 0:  ffi (1.9.3) from /Users/Thoughtworker/.rvm/gems/ruby-2.1.0@roguecraft/specifications/ffi-1.9.3.gemspec
I, [2014-03-23T12:27:36.057854 #50133]  INFO -- : 0:  kramdown (1.3.2) from /Users/Thoughtworker/.rvm/gems/ruby-2.1.0@roguecraft/specifications/kramdown-1.3.2.gemspec
I, [2014-03-23T12:27:36.058088 #50133]  INFO -- : 0:  libtcod (0.0.9) from /Users/Thoughtworker/.rvm/gems/ruby-2.1.0@roguecraft/specifications/libtcod-0.0.9.gemspec
I, [2014-03-23T12:27:36.058321 #50133]  INFO -- : 0:  method_source (0.8.2) from /Users/Thoughtworker/.rvm/gems/ruby-2.1.0@roguecraft/specifications/method_source-0.8.2.gemspec
I, [2014-03-23T12:27:36.131021 #50133]  INFO -- : 0:  minotaur (0.0.1) from /Users/Thoughtworker/Dropbox/Development/etc/minotaur/minotaur.gemspec
I, [2014-03-23T12:27:36.131378 #50133]  INFO -- : 0:  slop (3.4.7) from /Users/Thoughtworker/.rvm/gems/ruby-2.1.0@roguecraft/specifications/slop-3.4.7.gemspec
I, [2014-03-23T12:27:36.131659 #50133]  INFO -- : 0:  pry (0.9.12.6) from /Users/Thoughtworker/.rvm/gems/ruby-2.1.0@roguecraft/specifications/pry-0.9.12.6.gemspec
I, [2014-03-23T12:27:36.131925 #50133]  INFO -- : 0:  rack (1.5.2) from /Users/Thoughtworker/.rvm/gems/ruby-2.1.0@roguecraft/specifications/rack-1.5.2.gemspec
I, [2014-03-23T12:27:36.132172 #50133]  INFO -- : 0:  rack-protection (1.5.2) from /Users/Thoughtworker/.rvm/gems/ruby-2.1.0@roguecraft/specifications/rack-protection-1.5.2.gemspec
I, [2014-03-23T12:27:36.136619 #50133]  INFO -- : 0:  roguecraft (0.1.0) from /Users/Thoughtworker/Dropbox/Development/etc/roguecraft/roguecraft.gemspec
I, [2014-03-23T12:27:36.136927 #50133]  INFO -- : 0:  rspec-core (2.14.8) from /Users/Thoughtworker/.rvm/gems/ruby-2.1.0@roguecraft/specifications/rspec-core-2.14.8.gemspec
I, [2014-03-23T12:27:36.137207 #50133]  INFO -- : 0:  rspec-expectations (2.14.5) from /Users/Thoughtworker/.rvm/gems/ruby-2.1.0@roguecraft/specifications/rspec-expectations-2.14.5.gemspec
I, [2014-03-23T12:27:36.137483 #50133]  INFO -- : 0:  rspec-mocks (2.14.6) from /Users/Thoughtworker/.rvm/gems/ruby-2.1.0@roguecraft/specifications/rspec-mocks-2.14.6.gemspec
I, [2014-03-23T12:27:36.137748 #50133]  INFO -- : 0:  rspec (2.14.1) from /Users/Thoughtworker/.rvm/gems/ruby-2.1.0@roguecraft/specifications/rspec-2.14.1.gemspec
I, [2014-03-23T12:27:36.138017 #50133]  INFO -- : 0:  rubygems-tasks (0.2.4) from /Users/Thoughtworker/.rvm/gems/ruby-2.1.0@roguecraft/specifications/rubygems-tasks-0.2.4.gemspec
I, [2014-03-23T12:27:36.138262 #50133]  INFO -- : 0:  tilt (1.4.1) from /Users/Thoughtworker/.rvm/gems/ruby-2.1.0@roguecraft/specifications/tilt-1.4.1.gemspec
I, [2014-03-23T12:27:36.138515 #50133]  INFO -- : 0:  sinatra (1.4.4) from /Users/Thoughtworker/.rvm/gems/ruby-2.1.0@roguecraft/specifications/sinatra-1.4.4.gemspec
I, [2014-03-23T12:27:36.138798 #50133]  INFO -- : 0:  thin (1.6.2) from /Users/Thoughtworker/.rvm/gems/ruby-2.1.0@roguecraft/specifications/thin-1.6.2.gemspec
I, [2014-03-23T12:27:36.139041 #50133]  INFO -- : 0:  sinatra-websocket (0.3.0) from /Users/Thoughtworker/.rvm/gems/ruby-2.1.0@roguecraft/specifications/sinatra-websocket-0.3.0.gemspec
I, [2014-03-23T12:27:36.139306 #50133]  INFO -- : 0:  yard (0.8.7.3) from /Users/Thoughtworker/.rvm/gems/ruby-2.1.0@roguecraft/specifications/yard-0.8.7.3.gemspec
I, [2014-03-31T13:55:54.379972 #16973]  INFO -- : 0:  rake (0.9.6) from /Users/Thoughtworker/.rvm/gems/ruby-2.1.0@roguecraft/specifications/rake-0.9.6.gemspec
I, [2014-03-31T13:55:54.381765 #16973]  INFO -- : 0:  addressable (2.3.5) from /Users/Thoughtworker/.rvm/gems/ruby-2.1.0@roguecraft/specifications/addressable-2.3.5.gemspec
I, [2014-03-31T13:55:54.382088 #16973]  INFO -- : 0:  builder (3.2.2) from /Users/Thoughtworker/.rvm/gems/ruby-2.1.0@roguecraft/specifications/builder-3.2.2.gemspec
I, [2014-03-31T13:55:54.382320 #16973]  INFO -- : 0:  bundler (1.5.1) from /Users/Thoughtworker/.rvm/gems/ruby-2.1.0@global/specifications/bundler-1.5.1.gemspec
I, [2014-03-31T13:55:54.382566 #16973]  INFO -- : 0:  coderay (1.1.0) from /Users/Thoughtworker/.rvm/gems/ruby-2.1.0@roguecraft/specifications/coderay-1.1.0.gemspec
I, [2014-03-31T13:55:54.382828 #16973]  INFO -- : 0:  diff-lcs (1.2.5) from /Users/Thoughtworker/.rvm/gems/ruby-2.1.0@roguecraft/specifications/diff-lcs-1.2.5.gemspec
I, [2014-03-31T13:55:54.383068 #16973]  INFO -- : 0:  json (1.8.1) from /Users/Thoughtworker/.rvm/rubies/ruby-2.1.0/lib/ruby/gems/2.1.0/specifications/default/json-1.8.1.gemspec
I, [2014-03-31T13:55:54.383314 #16973]  INFO -- : 0:  gherkin (2.4.21) from /Users/Thoughtworker/.rvm/gems/ruby-2.1.0@roguecraft/specifications/gherkin-2.4.21.gemspec
I, [2014-03-31T13:55:54.383607 #16973]  INFO -- : 0:  tins (1.0.0) from /Users/Thoughtworker/.rvm/gems/ruby-2.1.0@roguecraft/specifications/tins-1.0.0.gemspec
I, [2014-03-31T13:55:54.383853 #16973]  INFO -- : 0:  term-ansicolor (1.3.0) from /Users/Thoughtworker/.rvm/gems/ruby-2.1.0@roguecraft/specifications/term-ansicolor-1.3.0.gemspec
I, [2014-03-31T13:55:54.384096 #16973]  INFO -- : 0:  cucumber (0.10.7) from /Users/Thoughtworker/.rvm/gems/ruby-2.1.0@roguecraft/specifications/cucumber-0.10.7.gemspec
I, [2014-03-31T13:55:54.384340 #16973]  INFO -- : 0:  daemons (1.1.9) from /Users/Thoughtworker/.rvm/gems/ruby-2.1.0@roguecraft/specifications/daemons-1.1.9.gemspec
I, [2014-03-31T13:55:54.384577 #16973]  INFO -- : 0:  dice (0.0.3) from /Users/Thoughtworker/.rvm/gems/ruby-2.1.0@roguecraft/specifications/dice-0.0.3.gemspec
I, [2014-03-31T13:55:54.384811 #16973]  INFO -- : 0:  eventmachine (1.0.3) from /Users/Thoughtworker/.rvm/gems/ruby-2.1.0@roguecraft/specifications/eventmachine-1.0.3.gemspec
I, [2014-03-31T13:55:54.385038 #16973]  INFO -- : 0:  em-websocket (0.3.8) from /Users/Thoughtworker/.rvm/gems/ruby-2.1.0@roguecraft/specifications/em-websocket-0.3.8.gemspec
I, [2014-03-31T13:55:54.385265 #16973]  INFO -- : 0:  ffi (1.9.3) from /Users/Thoughtworker/.rvm/gems/ruby-2.1.0@roguecraft/specifications/ffi-1.9.3.gemspec
I, [2014-03-31T13:55:54.385517 #16973]  INFO -- : 0:  kramdown (1.3.2) from /Users/Thoughtworker/.rvm/gems/ruby-2.1.0@roguecraft/specifications/kramdown-1.3.2.gemspec
I, [2014-03-31T13:55:54.385749 #16973]  INFO -- : 0:  libtcod (0.0.9) from /Users/Thoughtworker/.rvm/gems/ruby-2.1.0@roguecraft/specifications/libtcod-0.0.9.gemspec
I, [2014-03-31T13:55:54.385982 #16973]  INFO -- : 0:  method_source (0.8.2) from /Users/Thoughtworker/.rvm/gems/ruby-2.1.0@roguecraft/specifications/method_source-0.8.2.gemspec
I, [2014-03-31T13:55:54.491286 #16973]  INFO -- : 0:  minotaur (0.0.1) from /Users/Thoughtworker/Dropbox/Development/etc/minotaur/minotaur.gemspec
I, [2014-03-31T13:55:54.492188 #16973]  INFO -- : 0:  slop (3.4.7) from /Users/Thoughtworker/.rvm/gems/ruby-2.1.0@roguecraft/specifications/slop-3.4.7.gemspec
I, [2014-03-31T13:55:54.492614 #16973]  INFO -- : 0:  pry (0.9.12.6) from /Users/Thoughtworker/.rvm/gems/ruby-2.1.0@roguecraft/specifications/pry-0.9.12.6.gemspec
I, [2014-03-31T13:55:54.492983 #16973]  INFO -- : 0:  rack (1.5.2) from /Users/Thoughtworker/.rvm/gems/ruby-2.1.0@roguecraft/specifications/rack-1.5.2.gemspec
I, [2014-03-31T13:55:54.493437 #16973]  INFO -- : 0:  rack-protection (1.5.2) from /Users/Thoughtworker/.rvm/gems/ruby-2.1.0@roguecraft/specifications/rack-protection-1.5.2.gemspec
I, [2014-03-31T13:55:54.505300 #16973]  INFO -- : 0:  roguecraft (0.1.0) from /Users/Thoughtworker/Dropbox/Development/etc/roguecraft/roguecraft.gemspec
I, [2014-03-31T13:55:54.505738 #16973]  INFO -- : 0:  rspec-core (2.14.8) from /Users/Thoughtworker/.rvm/gems/ruby-2.1.0@roguecraft/specifications/rspec-core-2.14.8.gemspec
I, [2014-03-31T13:55:54.506094 #16973]  INFO -- : 0:  rspec-expectations (2.14.5) from /Users/Thoughtworker/.rvm/gems/ruby-2.1.0@roguecraft/specifications/rspec-expectations-2.14.5.gemspec
I, [2014-03-31T13:55:54.506434 #16973]  INFO -- : 0:  rspec-mocks (2.14.6) from /Users/Thoughtworker/.rvm/gems/ruby-2.1.0@roguecraft/specifications/rspec-mocks-2.14.6.gemspec
I, [2014-03-31T13:55:54.506700 #16973]  INFO -- : 0:  rspec (2.14.1) from /Users/Thoughtworker/.rvm/gems/ruby-2.1.0@roguecraft/specifications/rspec-2.14.1.gemspec
I, [2014-03-31T13:55:54.506989 #16973]  INFO -- : 0:  rubygems-tasks (0.2.4) from /Users/Thoughtworker/.rvm/gems/ruby-2.1.0@roguecraft/specifications/rubygems-tasks-0.2.4.gemspec
I, [2014-03-31T13:55:54.507252 #16973]  INFO -- : 0:  tilt (1.4.1) from /Users/Thoughtworker/.rvm/gems/ruby-2.1.0@roguecraft/specifications/tilt-1.4.1.gemspec
I, [2014-03-31T13:55:54.507521 #16973]  INFO -- : 0:  sinatra (1.4.4) from /Users/Thoughtworker/.rvm/gems/ruby-2.1.0@roguecraft/specifications/sinatra-1.4.4.gemspec
I, [2014-03-31T13:55:54.507779 #16973]  INFO -- : 0:  thin (1.6.2) from /Users/Thoughtworker/.rvm/gems/ruby-2.1.0@roguecraft/specifications/thin-1.6.2.gemspec
I, [2014-03-31T13:55:54.508038 #16973]  INFO -- : 0:  sinatra-websocket (0.3.0) from /Users/Thoughtworker/.rvm/gems/ruby-2.1.0@roguecraft/specifications/sinatra-websocket-0.3.0.gemspec
I, [2014-03-31T13:55:54.508296 #16973]  INFO -- : 0:  yard (0.8.7.3) from /Users/Thoughtworker/.rvm/gems/ruby-2.1.0@roguecraft/specifications/yard-0.8.7.3.gemspec
I, [2014-03-31T14:15:11.070102 #18164]  INFO -- : 0:  rake (0.9.6) from /Users/Thoughtworker/.rvm/gems/ruby-2.1.0@roguecraft/specifications/rake-0.9.6.gemspec
I, [2014-03-31T14:15:11.070478 #18164]  INFO -- : 0:  addressable (2.3.5) from /Users/Thoughtworker/.rvm/gems/ruby-2.1.0@roguecraft/specifications/addressable-2.3.5.gemspec
I, [2014-03-31T14:15:11.070793 #18164]  INFO -- : 0:  builder (3.2.2) from /Users/Thoughtworker/.rvm/gems/ruby-2.1.0@roguecraft/specifications/builder-3.2.2.gemspec
I, [2014-03-31T14:15:11.071080 #18164]  INFO -- : 0:  bundler (1.5.1) from /Users/Thoughtworker/.rvm/gems/ruby-2.1.0@global/specifications/bundler-1.5.1.gemspec
I, [2014-03-31T14:15:11.071324 #18164]  INFO -- : 0:  coderay (1.1.0) from /Users/Thoughtworker/.rvm/gems/ruby-2.1.0@roguecraft/specifications/coderay-1.1.0.gemspec
I, [2014-03-31T14:15:11.071573 #18164]  INFO -- : 0:  diff-lcs (1.2.5) from /Users/Thoughtworker/.rvm/gems/ruby-2.1.0@roguecraft/specifications/diff-lcs-1.2.5.gemspec
I, [2014-03-31T14:15:11.071818 #18164]  INFO -- : 0:  json (1.8.1) from /Users/Thoughtworker/.rvm/rubies/ruby-2.1.0/lib/ruby/gems/2.1.0/specifications/default/json-1.8.1.gemspec
I, [2014-03-31T14:15:11.072058 #18164]  INFO -- : 0:  gherkin (2.4.21) from /Users/Thoughtworker/.rvm/gems/ruby-2.1.0@roguecraft/specifications/gherkin-2.4.21.gemspec
I, [2014-03-31T14:15:11.072300 #18164]  INFO -- : 0:  tins (1.0.0) from /Users/Thoughtworker/.rvm/gems/ruby-2.1.0@roguecraft/specifications/tins-1.0.0.gemspec
I, [2014-03-31T14:15:11.072550 #18164]  INFO -- : 0:  term-ansicolor (1.3.0) from /Users/Thoughtworker/.rvm/gems/ruby-2.1.0@roguecraft/specifications/term-ansicolor-1.3.0.gemspec
I, [2014-03-31T14:15:11.072796 #18164]  INFO -- : 0:  cucumber (0.10.7) from /Users/Thoughtworker/.rvm/gems/ruby-2.1.0@roguecraft/specifications/cucumber-0.10.7.gemspec
I, [2014-03-31T14:15:11.073038 #18164]  INFO -- : 0:  daemons (1.1.9) from /Users/Thoughtworker/.rvm/gems/ruby-2.1.0@roguecraft/specifications/daemons-1.1.9.gemspec
I, [2014-03-31T14:15:11.073281 #18164]  INFO -- : 0:  dice (0.0.3) from /Users/Thoughtworker/.rvm/gems/ruby-2.1.0@roguecraft/specifications/dice-0.0.3.gemspec
I, [2014-03-31T14:15:11.073529 #18164]  INFO -- : 0:  eventmachine (1.0.3) from /Users/Thoughtworker/.rvm/gems/ruby-2.1.0@roguecraft/specifications/eventmachine-1.0.3.gemspec
I, [2014-03-31T14:15:11.073766 #18164]  INFO -- : 0:  em-websocket (0.3.8) from /Users/Thoughtworker/.rvm/gems/ruby-2.1.0@roguecraft/specifications/em-websocket-0.3.8.gemspec
I, [2014-03-31T14:15:11.074015 #18164]  INFO -- : 0:  ffi (1.9.3) from /Users/Thoughtworker/.rvm/gems/ruby-2.1.0@roguecraft/specifications/ffi-1.9.3.gemspec
I, [2014-03-31T14:15:11.074285 #18164]  INFO -- : 0:  kramdown (1.3.2) from /Users/Thoughtworker/.rvm/gems/ruby-2.1.0@roguecraft/specifications/kramdown-1.3.2.gemspec
I, [2014-03-31T14:15:11.074525 #18164]  INFO -- : 0:  libtcod (0.0.9) from /Users/Thoughtworker/.rvm/gems/ruby-2.1.0@roguecraft/specifications/libtcod-0.0.9.gemspec
I, [2014-03-31T14:15:11.074765 #18164]  INFO -- : 0:  method_source (0.8.2) from /Users/Thoughtworker/.rvm/gems/ruby-2.1.0@roguecraft/specifications/method_source-0.8.2.gemspec
I, [2014-03-31T14:15:11.173110 #18164]  INFO -- : 0:  minotaur (0.0.1) from /Users/Thoughtworker/Dropbox/Development/etc/minotaur/minotaur.gemspec
I, [2014-03-31T14:15:11.173498 #18164]  INFO -- : 0:  slop (3.4.7) from /Users/Thoughtworker/.rvm/gems/ruby-2.1.0@roguecraft/specifications/slop-3.4.7.gemspec
I, [2014-03-31T14:15:11.173802 #18164]  INFO -- : 0:  pry (0.9.12.6) from /Users/Thoughtworker/.rvm/gems/ruby-2.1.0@roguecraft/specifications/pry-0.9.12.6.gemspec
I, [2014-03-31T14:15:11.174087 #18164]  INFO -- : 0:  rack (1.5.2) from /Users/Thoughtworker/.rvm/gems/ruby-2.1.0@roguecraft/specifications/rack-1.5.2.gemspec
I, [2014-03-31T14:15:11.174363 #18164]  INFO -- : 0:  rack-protection (1.5.2) from /Users/Thoughtworker/.rvm/gems/ruby-2.1.0@roguecraft/specifications/rack-protection-1.5.2.gemspec
I, [2014-03-31T14:15:11.180650 #18164]  INFO -- : 0:  roguecraft (0.1.0) from /Users/Thoughtworker/Dropbox/Development/etc/roguecraft/roguecraft.gemspec
I, [2014-03-31T14:15:11.180986 #18164]  INFO -- : 0:  rspec-core (2.14.8) from /Users/Thoughtworker/.rvm/gems/ruby-2.1.0@roguecraft/specifications/rspec-core-2.14.8.gemspec
I, [2014-03-31T14:15:11.181287 #18164]  INFO -- : 0:  rspec-expectations (2.14.5) from /Users/Thoughtworker/.rvm/gems/ruby-2.1.0@roguecraft/specifications/rspec-expectations-2.14.5.gemspec
I, [2014-03-31T14:15:11.181581 #18164]  INFO -- : 0:  rspec-mocks (2.14.6) from /Users/Thoughtworker/.rvm/gems/ruby-2.1.0@roguecraft/specifications/rspec-mocks-2.14.6.gemspec
I, [2014-03-31T14:15:11.181859 #18164]  INFO -- : 0:  rspec (2.14.1) from /Users/Thoughtworker/.rvm/gems/ruby-2.1.0@roguecraft/specifications/rspec-2.14.1.gemspec
I, [2014-03-31T14:15:11.182138 #18164]  INFO -- : 0:  rubygems-tasks (0.2.4) from /Users/Thoughtworker/.rvm/gems/ruby-2.1.0@roguecraft/specifications/rubygems-tasks-0.2.4.gemspec
I, [2014-03-31T14:15:11.182404 #18164]  INFO -- : 0:  tilt (1.4.1) from /Users/Thoughtworker/.rvm/gems/ruby-2.1.0@roguecraft/specifications/tilt-1.4.1.gemspec
I, [2014-03-31T14:15:11.182670 #18164]  INFO -- : 0:  sinatra (1.4.4) from /Users/Thoughtworker/.rvm/gems/ruby-2.1.0@roguecraft/specifications/sinatra-1.4.4.gemspec
I, [2014-03-31T14:15:11.182952 #18164]  INFO -- : 0:  thin (1.6.2) from /Users/Thoughtworker/.rvm/gems/ruby-2.1.0@roguecraft/specifications/thin-1.6.2.gemspec
I, [2014-03-31T14:15:11.183212 #18164]  INFO -- : 0:  sinatra-websocket (0.3.0) from /Users/Thoughtworker/.rvm/gems/ruby-2.1.0@roguecraft/specifications/sinatra-websocket-0.3.0.gemspec
I, [2014-03-31T14:15:13.646759 #18164]  INFO -- : 0:  websocket (1.1.2) from /Users/Thoughtworker/.rvm/gems/ruby-2.1.0@roguecraft/specifications/websocket-1.1.2.gemspec
I, [2014-03-31T14:15:16.556850 #18164]  INFO -- : 0:  websocket-native (1.0.0) from /Users/Thoughtworker/.rvm/gems/ruby-2.1.0@roguecraft/specifications/websocket-native-1.0.0.gemspec
I, [2014-03-31T14:15:17.380639 #18164]  INFO -- : 0:  websocket-eventmachine-base (1.0.2) from /Users/Thoughtworker/.rvm/gems/ruby-2.1.0@roguecraft/specifications/websocket-eventmachine-base-1.0.2.gemspec
I, [2014-03-31T14:15:18.119165 #18164]  INFO -- : 0:  websocket-eventmachine-client (1.0.1) from /Users/Thoughtworker/.rvm/gems/ruby-2.1.0@roguecraft/specifications/websocket-eventmachine-client-1.0.1.gemspec
I, [2014-03-31T14:15:18.119743 #18164]  INFO -- : 0:  yard (0.8.7.3) from /Users/Thoughtworker/.rvm/gems/ruby-2.1.0@roguecraft/specifications/yard-0.8.7.3.gemspec
I, [2014-03-31T14:47:48.332565 #23510]  INFO -- : 0:  rake (0.9.6) from /Users/Thoughtworker/.rvm/gems/ruby-2.1.0@roguecraft/specifications/rake-0.9.6.gemspec
I, [2014-03-31T14:47:50.032774 #23510]  INFO -- : 0:  addressable (2.3.6) from /Users/Thoughtworker/.rvm/gems/ruby-2.1.0@roguecraft/specifications/addressable-2.3.6.gemspec
I, [2014-03-31T14:47:50.033337 #23510]  INFO -- : 0:  builder (3.2.2) from /Users/Thoughtworker/.rvm/gems/ruby-2.1.0@roguecraft/specifications/builder-3.2.2.gemspec
I, [2014-03-31T14:47:50.033697 #23510]  INFO -- : 0:  bundler (1.5.1) from /Users/Thoughtworker/.rvm/gems/ruby-2.1.0@global/specifications/bundler-1.5.1.gemspec
I, [2014-03-31T14:47:50.034030 #23510]  INFO -- : 0:  coderay (1.1.0) from /Users/Thoughtworker/.rvm/gems/ruby-2.1.0@roguecraft/specifications/coderay-1.1.0.gemspec
I, [2014-03-31T14:47:50.034351 #23510]  INFO -- : 0:  diff-lcs (1.2.5) from /Users/Thoughtworker/.rvm/gems/ruby-2.1.0@roguecraft/specifications/diff-lcs-1.2.5.gemspec
I, [2014-03-31T14:47:50.034651 #23510]  INFO -- : 0:  json (1.8.1) from /Users/Thoughtworker/.rvm/rubies/ruby-2.1.0/lib/ruby/gems/2.1.0/specifications/default/json-1.8.1.gemspec
I, [2014-03-31T14:47:50.034972 #23510]  INFO -- : 0:  gherkin (2.4.21) from /Users/Thoughtworker/.rvm/gems/ruby-2.1.0@roguecraft/specifications/gherkin-2.4.21.gemspec
I, [2014-03-31T14:47:51.676407 #23510]  INFO -- : 0:  tins (1.0.1) from /Users/Thoughtworker/.rvm/gems/ruby-2.1.0@roguecraft/specifications/tins-1.0.1.gemspec
I, [2014-03-31T14:47:51.676991 #23510]  INFO -- : 0:  term-ansicolor (1.3.0) from /Users/Thoughtworker/.rvm/gems/ruby-2.1.0@roguecraft/specifications/term-ansicolor-1.3.0.gemspec
I, [2014-03-31T14:47:51.677406 #23510]  INFO -- : 0:  cucumber (0.10.7) from /Users/Thoughtworker/.rvm/gems/ruby-2.1.0@roguecraft/specifications/cucumber-0.10.7.gemspec
I, [2014-03-31T14:47:51.677863 #23510]  INFO -- : 0:  daemons (1.1.9) from /Users/Thoughtworker/.rvm/gems/ruby-2.1.0@roguecraft/specifications/daemons-1.1.9.gemspec
I, [2014-03-31T14:47:51.678267 #23510]  INFO -- : 0:  dice (0.0.3) from /Users/Thoughtworker/.rvm/gems/ruby-2.1.0@roguecraft/specifications/dice-0.0.3.gemspec
I, [2014-03-31T14:47:51.679071 #23510]  INFO -- : 0:  eventmachine (1.0.3) from /Users/Thoughtworker/.rvm/gems/ruby-2.1.0@roguecraft/specifications/eventmachine-1.0.3.gemspec
I, [2014-03-31T14:47:51.679484 #23510]  INFO -- : 0:  em-websocket (0.3.8) from /Users/Thoughtworker/.rvm/gems/ruby-2.1.0@roguecraft/specifications/em-websocket-0.3.8.gemspec
I, [2014-03-31T14:47:51.679907 #23510]  INFO -- : 0:  ffi (1.9.3) from /Users/Thoughtworker/.rvm/gems/ruby-2.1.0@roguecraft/specifications/ffi-1.9.3.gemspec
I, [2014-03-31T14:47:53.232363 #23510]  INFO -- : 0:  kramdown (1.3.3) from /Users/Thoughtworker/.rvm/gems/ruby-2.1.0@roguecraft/specifications/kramdown-1.3.3.gemspec
I, [2014-03-31T14:47:53.232898 #23510]  INFO -- : 0:  libtcod (0.0.9) from /Users/Thoughtworker/.rvm/gems/ruby-2.1.0@roguecraft/specifications/libtcod-0.0.9.gemspec
I, [2014-03-31T14:47:53.233214 #23510]  INFO -- : 0:  method_source (0.8.2) from /Users/Thoughtworker/.rvm/gems/ruby-2.1.0@roguecraft/specifications/method_source-0.8.2.gemspec
I, [2014-03-31T14:47:53.404361 #23510]  INFO -- : 0:  minotaur (0.0.1) from /Users/Thoughtworker/Dropbox/Development/etc/minotaur/minotaur.gemspec
I, [2014-03-31T14:47:54.740089 #23510]  INFO -- : 0:  slop (3.5.0) from /Users/Thoughtworker/.rvm/gems/ruby-2.1.0@roguecraft/specifications/slop-3.5.0.gemspec
I, [2014-03-31T14:47:54.740561 #23510]  INFO -- : 0:  pry (0.9.12.6) from /Users/Thoughtworker/.rvm/gems/ruby-2.1.0@roguecraft/specifications/pry-0.9.12.6.gemspec
I, [2014-03-31T14:47:54.740849 #23510]  INFO -- : 0:  rack (1.5.2) from /Users/Thoughtworker/.rvm/gems/ruby-2.1.0@roguecraft/specifications/rack-1.5.2.gemspec
I, [2014-03-31T14:47:54.741114 #23510]  INFO -- : 0:  rack-protection (1.5.2) from /Users/Thoughtworker/.rvm/gems/ruby-2.1.0@roguecraft/specifications/rack-protection-1.5.2.gemspec
I, [2014-03-31T14:47:54.747037 #23510]  INFO -- : 0:  roguecraft (0.1.0) from /Users/Thoughtworker/Dropbox/Development/etc/roguecraft/roguecraft.gemspec
I, [2014-03-31T14:47:54.747343 #23510]  INFO -- : 0:  rspec-core (2.14.8) from /Users/Thoughtworker/.rvm/gems/ruby-2.1.0@roguecraft/specifications/rspec-core-2.14.8.gemspec
I, [2014-03-31T14:47:54.747606 #23510]  INFO -- : 0:  rspec-expectations (2.14.5) from /Users/Thoughtworker/.rvm/gems/ruby-2.1.0@roguecraft/specifications/rspec-expectations-2.14.5.gemspec
I, [2014-03-31T14:47:54.747857 #23510]  INFO -- : 0:  rspec-mocks (2.14.6) from /Users/Thoughtworker/.rvm/gems/ruby-2.1.0@roguecraft/specifications/rspec-mocks-2.14.6.gemspec
I, [2014-03-31T14:47:54.748103 #23510]  INFO -- : 0:  rspec (2.14.1) from /Users/Thoughtworker/.rvm/gems/ruby-2.1.0@roguecraft/specifications/rspec-2.14.1.gemspec
I, [2014-03-31T14:47:54.748341 #23510]  INFO -- : 0:  rubygems-tasks (0.2.4) from /Users/Thoughtworker/.rvm/gems/ruby-2.1.0@roguecraft/specifications/rubygems-tasks-0.2.4.gemspec
I, [2014-03-31T14:47:54.748585 #23510]  INFO -- : 0:  tilt (1.4.1) from /Users/Thoughtworker/.rvm/gems/ruby-2.1.0@roguecraft/specifications/tilt-1.4.1.gemspec
I, [2014-03-31T14:47:54.748827 #23510]  INFO -- : 0:  sinatra (1.4.4) from /Users/Thoughtworker/.rvm/gems/ruby-2.1.0@roguecraft/specifications/sinatra-1.4.4.gemspec
I, [2014-03-31T14:47:54.749067 #23510]  INFO -- : 0:  thin (1.6.2) from /Users/Thoughtworker/.rvm/gems/ruby-2.1.0@roguecraft/specifications/thin-1.6.2.gemspec
I, [2014-03-31T14:47:54.749310 #23510]  INFO -- : 0:  sinatra-websocket (0.3.0) from /Users/Thoughtworker/.rvm/gems/ruby-2.1.0@roguecraft/specifications/sinatra-websocket-0.3.0.gemspec
I, [2014-03-31T14:47:54.749554 #23510]  INFO -- : 0:  websocket (1.1.2) from /Users/Thoughtworker/.rvm/gems/ruby-2.1.0@roguecraft/specifications/websocket-1.1.2.gemspec
I, [2014-03-31T14:47:54.749788 #23510]  INFO -- : 0:  websocket-native (1.0.0) from /Users/Thoughtworker/.rvm/gems/ruby-2.1.0@roguecraft/specifications/websocket-native-1.0.0.gemspec
I, [2014-03-31T14:47:54.750029 #23510]  INFO -- : 0:  websocket-eventmachine-base (1.0.2) from /Users/Thoughtworker/.rvm/gems/ruby-2.1.0@roguecraft/specifications/websocket-eventmachine-base-1.0.2.gemspec
I, [2014-03-31T14:47:54.750267 #23510]  INFO -- : 0:  websocket-eventmachine-client (1.0.1) from /Users/Thoughtworker/.rvm/gems/ruby-2.1.0@roguecraft/specifications/websocket-eventmachine-client-1.0.1.gemspec
I, [2014-03-31T14:47:56.895108 #23510]  INFO -- : 0:  yard (0.8.7.4) from /Users/Thoughtworker/.rvm/gems/ruby-2.1.0@roguecraft/specifications/yard-0.8.7.4.gemspec
